#! /c/Source/iverilog-install/bin/vvp
:ivl_version "12.0 (devel)" "(s20150603-1539-g2693dd32b)";
:ivl_delay_selection "TYPICAL";
:vpi_time_precision + 0;
:vpi_module "C:\iverilog\lib\ivl\system.vpi";
:vpi_module "C:\iverilog\lib\ivl\vhdl_sys.vpi";
:vpi_module "C:\iverilog\lib\ivl\vhdl_textio.vpi";
:vpi_module "C:\iverilog\lib\ivl\v2005_math.vpi";
:vpi_module "C:\iverilog\lib\ivl\va_math.vpi";
S_0000012d101b8c60 .scope module, "spm" "spm" 2 2;
 .timescale 0 0;
    .port_info 0 /INPUT 1 "clk";
    .port_info 1 /INPUT 1 "rst";
    .port_info 2 /INPUT 32 "x";
    .port_info 3 /INPUT 1 "y";
    .port_info 4 /OUTPUT 1 "p";
P_0000012d101fdd90 .param/l "size" 0 2 3, +C4<00000000000000000000000000100000>;
o0000012d102125a8 .functor BUFZ 1, C4<z>; HiZ drive
L_0000012d10285490 .functor AND 1, L_0000012d1027bcd0, o0000012d102125a8, C4<1>, C4<1>;
L_0000012d10286680 .functor AND 1, L_0000012d1027bff0, o0000012d102125a8, C4<1>, C4<1>;
v0000012d1027a1f0_0 .net *"_ivl_121", 0 0, L_0000012d1027bcd0;  1 drivers
v0000012d1027b410_0 .net *"_ivl_127", 0 0, L_0000012d1027bff0;  1 drivers
o0000012d1020d208 .functor BUFZ 1, C4<z>; HiZ drive
v0000012d1027a470_0 .net "clk", 0 0, o0000012d1020d208;  0 drivers
v0000012d102796b0_0 .net "p", 0 0, v0000012d1020a230_0;  1 drivers
v0000012d1027b550_0 .net "pp", 31 1, L_0000012d1027c770;  1 drivers
o0000012d1020d2f8 .functor BUFZ 1, C4<z>; HiZ drive
v0000012d1027a6f0_0 .net "rst", 0 0, o0000012d1020d2f8;  0 drivers
o0000012d10212578 .functor BUFZ 32, C4<zzzzzzzzzzzzzzzzzzzzzzzzzzzzzzzz>; HiZ drive
v0000012d1027b9b0_0 .net "x", 31 0, o0000012d10212578;  0 drivers
v0000012d1027ae70_0 .net "y", 0 0, o0000012d102125a8;  0 drivers
L_0000012d1027baf0 .part o0000012d10212578, 1, 1;
L_0000012d102797f0 .part L_0000012d1027c770, 1, 1;
L_0000012d1027b690 .part o0000012d10212578, 2, 1;
L_0000012d1027b2d0 .part L_0000012d1027c770, 2, 1;
L_0000012d1027afb0 .part o0000012d10212578, 3, 1;
L_0000012d1027ac90 .part L_0000012d1027c770, 3, 1;
L_0000012d1027b050 .part o0000012d10212578, 4, 1;
L_0000012d10279930 .part L_0000012d1027c770, 4, 1;
L_0000012d1027a790 .part o0000012d10212578, 5, 1;
L_0000012d1027a830 .part L_0000012d1027c770, 5, 1;
L_0000012d10279a70 .part o0000012d10212578, 6, 1;
L_0000012d1027a010 .part L_0000012d1027c770, 6, 1;
L_0000012d1027b0f0 .part o0000012d10212578, 7, 1;
L_0000012d1027a8d0 .part L_0000012d1027c770, 7, 1;
L_0000012d1027a290 .part o0000012d10212578, 8, 1;
L_0000012d1027b190 .part L_0000012d1027c770, 8, 1;
L_0000012d1027a3d0 .part o0000012d10212578, 9, 1;
L_0000012d1027a970 .part L_0000012d1027c770, 9, 1;
L_0000012d1027b370 .part o0000012d10212578, 10, 1;
L_0000012d1027b230 .part L_0000012d1027c770, 10, 1;
L_0000012d1027b4b0 .part o0000012d10212578, 11, 1;
L_0000012d1027b730 .part L_0000012d1027c770, 11, 1;
L_0000012d1027b7d0 .part o0000012d10212578, 12, 1;
L_0000012d10279b10 .part L_0000012d1027c770, 12, 1;
L_0000012d1027b870 .part o0000012d10212578, 13, 1;
L_0000012d10279d90 .part L_0000012d1027c770, 13, 1;
L_0000012d10279e30 .part o0000012d10212578, 14, 1;
L_0000012d10279ed0 .part L_0000012d1027c770, 14, 1;
L_0000012d1027d0d0 .part o0000012d10212578, 15, 1;
L_0000012d1027c950 .part L_0000012d1027c770, 15, 1;
L_0000012d1027c1d0 .part o0000012d10212578, 16, 1;
L_0000012d1027c8b0 .part L_0000012d1027c770, 16, 1;
L_0000012d1027bd70 .part o0000012d10212578, 17, 1;
L_0000012d1027cdb0 .part L_0000012d1027c770, 17, 1;
L_0000012d1027c9f0 .part o0000012d10212578, 18, 1;
L_0000012d1027d2b0 .part L_0000012d1027c770, 18, 1;
L_0000012d1027c270 .part o0000012d10212578, 19, 1;
L_0000012d1027cd10 .part L_0000012d1027c770, 19, 1;
L_0000012d1027c090 .part o0000012d10212578, 20, 1;
L_0000012d1027ce50 .part L_0000012d1027c770, 20, 1;
L_0000012d1027be10 .part o0000012d10212578, 21, 1;
L_0000012d1027d030 .part L_0000012d1027c770, 21, 1;
L_0000012d1027cef0 .part o0000012d10212578, 22, 1;
L_0000012d1027ca90 .part L_0000012d1027c770, 22, 1;
L_0000012d1027c130 .part o0000012d10212578, 23, 1;
L_0000012d1027c310 .part L_0000012d1027c770, 23, 1;
L_0000012d1027c3b0 .part o0000012d10212578, 24, 1;
L_0000012d1027cb30 .part L_0000012d1027c770, 24, 1;
L_0000012d1027cc70 .part o0000012d10212578, 25, 1;
L_0000012d1027cf90 .part L_0000012d1027c770, 25, 1;
L_0000012d1027c6d0 .part o0000012d10212578, 26, 1;
L_0000012d1027cbd0 .part L_0000012d1027c770, 26, 1;
L_0000012d1027c450 .part o0000012d10212578, 27, 1;
L_0000012d1027d170 .part L_0000012d1027c770, 27, 1;
L_0000012d1027d210 .part o0000012d10212578, 28, 1;
L_0000012d1027c4f0 .part L_0000012d1027c770, 28, 1;
L_0000012d1027bc30 .part o0000012d10212578, 29, 1;
L_0000012d1027beb0 .part L_0000012d1027c770, 29, 1;
L_0000012d1027c590 .part o0000012d10212578, 30, 1;
L_0000012d1027c630 .part L_0000012d1027c770, 30, 1;
L_0000012d1027bcd0 .part o0000012d10212578, 0, 1;
L_0000012d1027bf50 .part L_0000012d1027c770, 0, 1;
L_0000012d1027bff0 .part o0000012d10212578, 31, 1;
LS_0000012d1027c770_0_0 .concat8 [ 1 1 1 1], v0000012d1020a730_0, v0000012d1020b130_0, v0000012d101c1770_0, v0000012d101cdc70_0;
LS_0000012d1027c770_0_4 .concat8 [ 1 1 1 1], v0000012d101cdd10_0, v0000012d101dd9f0_0, v0000012d101e9d90_0, v0000012d101f9960_0;
LS_0000012d1027c770_0_8 .concat8 [ 1 1 1 1], v0000012d101fa4a0_0, v0000012d1026be30_0, v0000012d1026b750_0, v0000012d1026aa30_0;
LS_0000012d1027c770_0_12 .concat8 [ 1 1 1 1], v0000012d1026a7b0_0, v0000012d1026b250_0, v0000012d1026e4b0_0, v0000012d1026e690_0;
LS_0000012d1027c770_0_16 .concat8 [ 1 1 1 1], v0000012d1026f4f0_0, v0000012d1026fa90_0, v0000012d1026e370_0, v0000012d10271d90_0;
LS_0000012d1027c770_0_20 .concat8 [ 1 1 1 1], v0000012d102726f0_0, v0000012d10271250_0, v0000012d102712f0_0, v0000012d10271750_0;
LS_0000012d1027c770_0_24 .concat8 [ 1 1 1 1], v0000012d10273370_0, v0000012d10272bf0_0, v0000012d10273f50_0, v0000012d102732d0_0;
LS_0000012d1027c770_0_28 .concat8 [ 1 1 1 0], v0000012d10279430_0, v0000012d1027aab0_0, v0000012d10279f70_0;
LS_0000012d1027c770_1_0 .concat8 [ 4 4 4 4], LS_0000012d1027c770_0_0, LS_0000012d1027c770_0_4, LS_0000012d1027c770_0_8, LS_0000012d1027c770_0_12;
LS_0000012d1027c770_1_4 .concat8 [ 4 4 4 3], LS_0000012d1027c770_0_16, LS_0000012d1027c770_0_20, LS_0000012d1027c770_0_24, LS_0000012d1027c770_0_28;
L_0000012d1027c770 .concat8 [ 16 15 0 0], LS_0000012d1027c770_1_0, LS_0000012d1027c770_1_4;
S_0000012d100f6630 .scope module, "csa0" "CSADD" 2 14, 2 46 0, S_0000012d101b8c60;
 .timescale 0 0;
    .port_info 0 /INPUT 1 "clk";
    .port_info 1 /INPUT 1 "rst";
    .port_info 2 /INPUT 1 "x";
    .port_info 3 /INPUT 1 "y";
    .port_info 4 /OUTPUT 1 "sum";
L_0000012d10285420 .functor XOR 1, L_0000012d1027bf50, v0000012d1020a910_0, C4<0>, C4<0>;
L_0000012d10285e30 .functor AND 1, L_0000012d1027bf50, v0000012d1020a910_0, C4<1>, C4<1>;
L_0000012d10285730 .functor XOR 1, L_0000012d10285490, L_0000012d10285420, C4<0>, C4<0>;
L_0000012d10286060 .functor AND 1, L_0000012d10285490, L_0000012d10285420, C4<1>, C4<1>;
v0000012d1020a550_0 .net "clk", 0 0, o0000012d1020d208;  alias, 0 drivers
v0000012d10209fb0_0 .net "hco1", 0 0, L_0000012d10285e30;  1 drivers
v0000012d10209830_0 .net "hco2", 0 0, L_0000012d10286060;  1 drivers
v0000012d1020ab90_0 .net "hsum1", 0 0, L_0000012d10285420;  1 drivers
v0000012d102095b0_0 .net "hsum2", 0 0, L_0000012d10285730;  1 drivers
v0000012d10209970_0 .net "rst", 0 0, o0000012d1020d2f8;  alias, 0 drivers
v0000012d1020a910_0 .var "sc", 0 0;
v0000012d1020a230_0 .var "sum", 0 0;
v0000012d1020aeb0_0 .net "x", 0 0, L_0000012d10285490;  1 drivers
v0000012d10209650_0 .net "y", 0 0, L_0000012d1027bf50;  1 drivers
E_0000012d101fdad0 .event posedge, v0000012d10209970_0, v0000012d1020a550_0;
S_0000012d100f67c0 .scope generate, "genblk1[1]" "genblk1[1]" 2 15, 2 15 0, S_0000012d101b8c60;
 .timescale 0 0;
P_0000012d101fdfd0 .param/l "i" 0 2 15, +C4<01>;
L_0000012d101ff610 .functor AND 1, L_0000012d1027baf0, o0000012d102125a8, C4<1>, C4<1>;
v0000012d1020b090_0 .net *"_ivl_0", 0 0, L_0000012d1027baf0;  1 drivers
S_0000012d100fd1d0 .scope module, "csa" "CSADD" 2 16, 2 46 0, S_0000012d100f67c0;
 .timescale 0 0;
    .port_info 0 /INPUT 1 "clk";
    .port_info 1 /INPUT 1 "rst";
    .port_info 2 /INPUT 1 "x";
    .port_info 3 /INPUT 1 "y";
    .port_info 4 /OUTPUT 1 "sum";
L_0000012d101ffdf0 .functor XOR 1, L_0000012d102797f0, v0000012d1020a370_0, C4<0>, C4<0>;
L_0000012d101fffb0 .functor AND 1, L_0000012d102797f0, v0000012d1020a370_0, C4<1>, C4<1>;
L_0000012d101ff530 .functor XOR 1, L_0000012d101ff610, L_0000012d101ffdf0, C4<0>, C4<0>;
L_0000012d101ffae0 .functor AND 1, L_0000012d101ff610, L_0000012d101ffdf0, C4<1>, C4<1>;
v0000012d10209ab0_0 .net "clk", 0 0, o0000012d1020d208;  alias, 0 drivers
v0000012d1020ac30_0 .net "hco1", 0 0, L_0000012d101fffb0;  1 drivers
v0000012d10209b50_0 .net "hco2", 0 0, L_0000012d101ffae0;  1 drivers
v0000012d10209bf0_0 .net "hsum1", 0 0, L_0000012d101ffdf0;  1 drivers
v0000012d10209c90_0 .net "hsum2", 0 0, L_0000012d101ff530;  1 drivers
v0000012d1020af50_0 .net "rst", 0 0, o0000012d1020d2f8;  alias, 0 drivers
v0000012d1020a370_0 .var "sc", 0 0;
v0000012d1020a730_0 .var "sum", 0 0;
v0000012d10209d30_0 .net "x", 0 0, L_0000012d101ff610;  1 drivers
v0000012d1020a050_0 .net "y", 0 0, L_0000012d102797f0;  1 drivers
S_0000012d100fd360 .scope generate, "genblk1[2]" "genblk1[2]" 2 15, 2 15 0, S_0000012d101b8c60;
 .timescale 0 0;
P_0000012d101fe090 .param/l "i" 0 2 15, +C4<010>;
L_0000012d101ff7d0 .functor AND 1, L_0000012d1027b690, o0000012d102125a8, C4<1>, C4<1>;
v0000012d1020b1d0_0 .net *"_ivl_0", 0 0, L_0000012d1027b690;  1 drivers
S_0000012d10189c30 .scope module, "csa" "CSADD" 2 16, 2 46 0, S_0000012d100fd360;
 .timescale 0 0;
    .port_info 0 /INPUT 1 "clk";
    .port_info 1 /INPUT 1 "rst";
    .port_info 2 /INPUT 1 "x";
    .port_info 3 /INPUT 1 "y";
    .port_info 4 /OUTPUT 1 "sum";
L_0000012d101ff3e0 .functor XOR 1, L_0000012d1027b2d0, v0000012d1020a870_0, C4<0>, C4<0>;
L_0000012d101ff450 .functor AND 1, L_0000012d1027b2d0, v0000012d1020a870_0, C4<1>, C4<1>;
L_0000012d101ff680 .functor XOR 1, L_0000012d101ff7d0, L_0000012d101ff3e0, C4<0>, C4<0>;
L_0000012d101ff6f0 .functor AND 1, L_0000012d101ff7d0, L_0000012d101ff3e0, C4<1>, C4<1>;
v0000012d10209dd0_0 .net "clk", 0 0, o0000012d1020d208;  alias, 0 drivers
v0000012d1020a0f0_0 .net "hco1", 0 0, L_0000012d101ff450;  1 drivers
v0000012d1020a190_0 .net "hco2", 0 0, L_0000012d101ff6f0;  1 drivers
v0000012d1020a2d0_0 .net "hsum1", 0 0, L_0000012d101ff3e0;  1 drivers
v0000012d1020a4b0_0 .net "hsum2", 0 0, L_0000012d101ff680;  1 drivers
v0000012d1020a7d0_0 .net "rst", 0 0, o0000012d1020d2f8;  alias, 0 drivers
v0000012d1020a870_0 .var "sc", 0 0;
v0000012d1020b130_0 .var "sum", 0 0;
v0000012d1020a9b0_0 .net "x", 0 0, L_0000012d101ff7d0;  1 drivers
v0000012d1020acd0_0 .net "y", 0 0, L_0000012d1027b2d0;  1 drivers
S_0000012d10189dc0 .scope generate, "genblk1[3]" "genblk1[3]" 2 15, 2 15 0, S_0000012d101b8c60;
 .timescale 0 0;
P_0000012d101fd4d0 .param/l "i" 0 2 15, +C4<011>;
L_0000012d101ffa00 .functor AND 1, L_0000012d1027afb0, o0000012d102125a8, C4<1>, C4<1>;
v0000012d101c1950_0 .net *"_ivl_0", 0 0, L_0000012d1027afb0;  1 drivers
S_0000012d1023ea40 .scope module, "csa" "CSADD" 2 16, 2 46 0, S_0000012d10189dc0;
 .timescale 0 0;
    .port_info 0 /INPUT 1 "clk";
    .port_info 1 /INPUT 1 "rst";
    .port_info 2 /INPUT 1 "x";
    .port_info 3 /INPUT 1 "y";
    .port_info 4 /OUTPUT 1 "sum";
L_0000012d101ff840 .functor XOR 1, L_0000012d1027ac90, v0000012d101c16d0_0, C4<0>, C4<0>;
L_0000012d101ff8b0 .functor AND 1, L_0000012d1027ac90, v0000012d101c16d0_0, C4<1>, C4<1>;
L_0000012d101ff920 .functor XOR 1, L_0000012d101ffa00, L_0000012d101ff840, C4<0>, C4<0>;
L_0000012d101ff990 .functor AND 1, L_0000012d101ffa00, L_0000012d101ff840, C4<1>, C4<1>;
v0000012d1020b270_0 .net "clk", 0 0, o0000012d1020d208;  alias, 0 drivers
v0000012d1020b3b0_0 .net "hco1", 0 0, L_0000012d101ff8b0;  1 drivers
v0000012d101c18b0_0 .net "hco2", 0 0, L_0000012d101ff990;  1 drivers
v0000012d101c0f50_0 .net "hsum1", 0 0, L_0000012d101ff840;  1 drivers
v0000012d101c1450_0 .net "hsum2", 0 0, L_0000012d101ff920;  1 drivers
v0000012d101c1db0_0 .net "rst", 0 0, o0000012d1020d2f8;  alias, 0 drivers
v0000012d101c16d0_0 .var "sc", 0 0;
v0000012d101c1770_0 .var "sum", 0 0;
v0000012d101c0e10_0 .net "x", 0 0, L_0000012d101ffa00;  1 drivers
v0000012d101c2530_0 .net "y", 0 0, L_0000012d1027ac90;  1 drivers
S_0000012d1023ebd0 .scope generate, "genblk1[4]" "genblk1[4]" 2 15, 2 15 0, S_0000012d101b8c60;
 .timescale 0 0;
P_0000012d101fd610 .param/l "i" 0 2 15, +C4<0100>;
L_0000012d101bfca0 .functor AND 1, L_0000012d1027b050, o0000012d102125a8, C4<1>, C4<1>;
v0000012d101cf110_0 .net *"_ivl_0", 0 0, L_0000012d1027b050;  1 drivers
S_0000012d1023ed60 .scope module, "csa" "CSADD" 2 16, 2 46 0, S_0000012d1023ebd0;
 .timescale 0 0;
    .port_info 0 /INPUT 1 "clk";
    .port_info 1 /INPUT 1 "rst";
    .port_info 2 /INPUT 1 "x";
    .port_info 3 /INPUT 1 "y";
    .port_info 4 /OUTPUT 1 "sum";
L_0000012d101c04f0 .functor XOR 1, L_0000012d10279930, v0000012d101cd770_0, C4<0>, C4<0>;
L_0000012d101bf680 .functor AND 1, L_0000012d10279930, v0000012d101cd770_0, C4<1>, C4<1>;
L_0000012d101bf8b0 .functor XOR 1, L_0000012d101bfca0, L_0000012d101c04f0, C4<0>, C4<0>;
L_0000012d101bfa70 .functor AND 1, L_0000012d101bfca0, L_0000012d101c04f0, C4<1>, C4<1>;
v0000012d101c0c30_0 .net "clk", 0 0, o0000012d1020d208;  alias, 0 drivers
v0000012d101c1ef0_0 .net "hco1", 0 0, L_0000012d101bf680;  1 drivers
v0000012d101c2350_0 .net "hco2", 0 0, L_0000012d101bfa70;  1 drivers
v0000012d101c0a50_0 .net "hsum1", 0 0, L_0000012d101c04f0;  1 drivers
v0000012d101c09b0_0 .net "hsum2", 0 0, L_0000012d101bf8b0;  1 drivers
v0000012d101c0af0_0 .net "rst", 0 0, o0000012d1020d2f8;  alias, 0 drivers
v0000012d101cd770_0 .var "sc", 0 0;
v0000012d101cdc70_0 .var "sum", 0 0;
v0000012d101cdf90_0 .net "x", 0 0, L_0000012d101bfca0;  1 drivers
v0000012d101cd950_0 .net "y", 0 0, L_0000012d10279930;  1 drivers
S_0000012d10260030 .scope generate, "genblk1[5]" "genblk1[5]" 2 15, 2 15 0, S_0000012d101b8c60;
 .timescale 0 0;
P_0000012d101fde10 .param/l "i" 0 2 15, +C4<0101>;
L_0000012d101dfcb0 .functor AND 1, L_0000012d1027a790, o0000012d102125a8, C4<1>, C4<1>;
v0000012d101defd0_0 .net *"_ivl_0", 0 0, L_0000012d1027a790;  1 drivers
S_0000012d102601c0 .scope module, "csa" "CSADD" 2 16, 2 46 0, S_0000012d10260030;
 .timescale 0 0;
    .port_info 0 /INPUT 1 "clk";
    .port_info 1 /INPUT 1 "rst";
    .port_info 2 /INPUT 1 "x";
    .port_info 3 /INPUT 1 "y";
    .port_info 4 /OUTPUT 1 "sum";
L_0000012d101bffb0 .functor XOR 1, L_0000012d1027a830, v0000012d101ceb70_0, C4<0>, C4<0>;
L_0000012d101e0880 .functor AND 1, L_0000012d1027a830, v0000012d101ceb70_0, C4<1>, C4<1>;
L_0000012d101e02d0 .functor XOR 1, L_0000012d101dfcb0, L_0000012d101bffb0, C4<0>, C4<0>;
L_0000012d101e0a40 .functor AND 1, L_0000012d101dfcb0, L_0000012d101bffb0, C4<1>, C4<1>;
v0000012d101ce8f0_0 .net "clk", 0 0, o0000012d1020d208;  alias, 0 drivers
v0000012d101cedf0_0 .net "hco1", 0 0, L_0000012d101e0880;  1 drivers
v0000012d101cef30_0 .net "hco2", 0 0, L_0000012d101e0a40;  1 drivers
v0000012d101cd9f0_0 .net "hsum1", 0 0, L_0000012d101bffb0;  1 drivers
v0000012d101cda90_0 .net "hsum2", 0 0, L_0000012d101e02d0;  1 drivers
v0000012d101ce170_0 .net "rst", 0 0, o0000012d1020d2f8;  alias, 0 drivers
v0000012d101ceb70_0 .var "sc", 0 0;
v0000012d101cdd10_0 .var "sum", 0 0;
v0000012d101ce350_0 .net "x", 0 0, L_0000012d101dfcb0;  1 drivers
v0000012d101ce5d0_0 .net "y", 0 0, L_0000012d1027a830;  1 drivers
S_0000012d10260350 .scope generate, "genblk1[6]" "genblk1[6]" 2 15, 2 15 0, S_0000012d101b8c60;
 .timescale 0 0;
P_0000012d101fd350 .param/l "i" 0 2 15, +C4<0110>;
L_0000012d101f53f0 .functor AND 1, L_0000012d10279a70, o0000012d102125a8, C4<1>, C4<1>;
v0000012d101dd810_0 .net *"_ivl_0", 0 0, L_0000012d10279a70;  1 drivers
S_0000012d102604e0 .scope module, "csa" "CSADD" 2 16, 2 46 0, S_0000012d10260350;
 .timescale 0 0;
    .port_info 0 /INPUT 1 "clk";
    .port_info 1 /INPUT 1 "rst";
    .port_info 2 /INPUT 1 "x";
    .port_info 3 /INPUT 1 "y";
    .port_info 4 /OUTPUT 1 "sum";
L_0000012d101dfe00 .functor XOR 1, L_0000012d1027a010, v0000012d101de850_0, C4<0>, C4<0>;
L_0000012d101e0420 .functor AND 1, L_0000012d1027a010, v0000012d101de850_0, C4<1>, C4<1>;
L_0000012d101f5d90 .functor XOR 1, L_0000012d101f53f0, L_0000012d101dfe00, C4<0>, C4<0>;
L_0000012d101f5e00 .functor AND 1, L_0000012d101f53f0, L_0000012d101dfe00, C4<1>, C4<1>;
v0000012d101de990_0 .net "clk", 0 0, o0000012d1020d208;  alias, 0 drivers
v0000012d101df110_0 .net "hco1", 0 0, L_0000012d101e0420;  1 drivers
v0000012d101de350_0 .net "hco2", 0 0, L_0000012d101f5e00;  1 drivers
v0000012d101dd770_0 .net "hsum1", 0 0, L_0000012d101dfe00;  1 drivers
v0000012d101dd590_0 .net "hsum2", 0 0, L_0000012d101f5d90;  1 drivers
v0000012d101decb0_0 .net "rst", 0 0, o0000012d1020d2f8;  alias, 0 drivers
v0000012d101de850_0 .var "sc", 0 0;
v0000012d101dd9f0_0 .var "sum", 0 0;
v0000012d101dead0_0 .net "x", 0 0, L_0000012d101f53f0;  1 drivers
v0000012d101deb70_0 .net "y", 0 0, L_0000012d1027a010;  1 drivers
S_0000012d10268a80 .scope generate, "genblk1[7]" "genblk1[7]" 2 15, 2 15 0, S_0000012d101b8c60;
 .timescale 0 0;
P_0000012d101fded0 .param/l "i" 0 2 15, +C4<0111>;
L_0000012d101d1870 .functor AND 1, L_0000012d1027b0f0, o0000012d102125a8, C4<1>, C4<1>;
v0000012d101e8ad0_0 .net *"_ivl_0", 0 0, L_0000012d1027b0f0;  1 drivers
S_0000012d10268c10 .scope module, "csa" "CSADD" 2 16, 2 46 0, S_0000012d10268a80;
 .timescale 0 0;
    .port_info 0 /INPUT 1 "clk";
    .port_info 1 /INPUT 1 "rst";
    .port_info 2 /INPUT 1 "x";
    .port_info 3 /INPUT 1 "y";
    .port_info 4 /OUTPUT 1 "sum";
L_0000012d101f5850 .functor XOR 1, L_0000012d1027a8d0, v0000012d101e9610_0, C4<0>, C4<0>;
L_0000012d101f5f50 .functor AND 1, L_0000012d1027a8d0, v0000012d101e9610_0, C4<1>, C4<1>;
L_0000012d101d1480 .functor XOR 1, L_0000012d101d1870, L_0000012d101f5850, C4<0>, C4<0>;
L_0000012d101d1c60 .functor AND 1, L_0000012d101d1870, L_0000012d101f5850, C4<1>, C4<1>;
v0000012d101ddbd0_0 .net "clk", 0 0, o0000012d1020d208;  alias, 0 drivers
v0000012d101dddb0_0 .net "hco1", 0 0, L_0000012d101f5f50;  1 drivers
v0000012d101dde50_0 .net "hco2", 0 0, L_0000012d101d1c60;  1 drivers
v0000012d101e8530_0 .net "hsum1", 0 0, L_0000012d101f5850;  1 drivers
v0000012d101e8210_0 .net "hsum2", 0 0, L_0000012d101d1480;  1 drivers
v0000012d101e9890_0 .net "rst", 0 0, o0000012d1020d2f8;  alias, 0 drivers
v0000012d101e9610_0 .var "sc", 0 0;
v0000012d101e9d90_0 .var "sum", 0 0;
v0000012d101e8d50_0 .net "x", 0 0, L_0000012d101d1870;  1 drivers
v0000012d101e8df0_0 .net "y", 0 0, L_0000012d1027a8d0;  1 drivers
S_0000012d10268da0 .scope generate, "genblk1[8]" "genblk1[8]" 2 15, 2 15 0, S_0000012d101b8c60;
 .timescale 0 0;
P_0000012d101fd2d0 .param/l "i" 0 2 15, +C4<01000>;
L_0000012d101ba690 .functor AND 1, L_0000012d1027a290, o0000012d102125a8, C4<1>, C4<1>;
v0000012d101f9280_0 .net *"_ivl_0", 0 0, L_0000012d1027a290;  1 drivers
S_0000012d10269c00 .scope module, "csa" "CSADD" 2 16, 2 46 0, S_0000012d10268da0;
 .timescale 0 0;
    .port_info 0 /INPUT 1 "clk";
    .port_info 1 /INPUT 1 "rst";
    .port_info 2 /INPUT 1 "x";
    .port_info 3 /INPUT 1 "y";
    .port_info 4 /OUTPUT 1 "sum";
L_0000012d101d1b80 .functor XOR 1, L_0000012d1027b190, v0000012d101e8670_0, C4<0>, C4<0>;
L_0000012d101d1f70 .functor AND 1, L_0000012d1027b190, v0000012d101e8670_0, C4<1>, C4<1>;
L_0000012d101ba8c0 .functor XOR 1, L_0000012d101ba690, L_0000012d101d1b80, C4<0>, C4<0>;
L_0000012d101ba540 .functor AND 1, L_0000012d101ba690, L_0000012d101d1b80, C4<1>, C4<1>;
v0000012d101e80d0_0 .net "clk", 0 0, o0000012d1020d208;  alias, 0 drivers
v0000012d101e9250_0 .net "hco1", 0 0, L_0000012d101d1f70;  1 drivers
v0000012d101e83f0_0 .net "hco2", 0 0, L_0000012d101ba540;  1 drivers
v0000012d101e92f0_0 .net "hsum1", 0 0, L_0000012d101d1b80;  1 drivers
v0000012d101e9390_0 .net "hsum2", 0 0, L_0000012d101ba8c0;  1 drivers
v0000012d101e8490_0 .net "rst", 0 0, o0000012d1020d2f8;  alias, 0 drivers
v0000012d101e8670_0 .var "sc", 0 0;
v0000012d101f9960_0 .var "sum", 0 0;
v0000012d101fad60_0 .net "x", 0 0, L_0000012d101ba690;  1 drivers
v0000012d101f9b40_0 .net "y", 0 0, L_0000012d1027b190;  1 drivers
S_0000012d102695c0 .scope generate, "genblk1[9]" "genblk1[9]" 2 15, 2 15 0, S_0000012d101b8c60;
 .timescale 0 0;
P_0000012d101fdf50 .param/l "i" 0 2 15, +C4<01001>;
L_0000012d1027dda0 .functor AND 1, L_0000012d1027a3d0, o0000012d102125a8, C4<1>, C4<1>;
v0000012d101f9500_0 .net *"_ivl_0", 0 0, L_0000012d1027a3d0;  1 drivers
S_0000012d10269d90 .scope module, "csa" "CSADD" 2 16, 2 46 0, S_0000012d102695c0;
 .timescale 0 0;
    .port_info 0 /INPUT 1 "clk";
    .port_info 1 /INPUT 1 "rst";
    .port_info 2 /INPUT 1 "x";
    .port_info 3 /INPUT 1 "y";
    .port_info 4 /OUTPUT 1 "sum";
L_0000012d101f5770 .functor XOR 1, L_0000012d1027a970, v0000012d101f9460_0, C4<0>, C4<0>;
L_0000012d1027e430 .functor AND 1, L_0000012d1027a970, v0000012d101f9460_0, C4<1>, C4<1>;
L_0000012d1027e970 .functor XOR 1, L_0000012d1027dda0, L_0000012d101f5770, C4<0>, C4<0>;
L_0000012d1027e740 .functor AND 1, L_0000012d1027dda0, L_0000012d101f5770, C4<1>, C4<1>;
v0000012d101faae0_0 .net "clk", 0 0, o0000012d1020d208;  alias, 0 drivers
v0000012d101fa040_0 .net "hco1", 0 0, L_0000012d1027e430;  1 drivers
v0000012d101fac20_0 .net "hco2", 0 0, L_0000012d1027e740;  1 drivers
v0000012d101f9c80_0 .net "hsum1", 0 0, L_0000012d101f5770;  1 drivers
v0000012d101faea0_0 .net "hsum2", 0 0, L_0000012d1027e970;  1 drivers
v0000012d101fa400_0 .net "rst", 0 0, o0000012d1020d2f8;  alias, 0 drivers
v0000012d101f9460_0 .var "sc", 0 0;
v0000012d101fa4a0_0 .var "sum", 0 0;
v0000012d101fa5e0_0 .net "x", 0 0, L_0000012d1027dda0;  1 drivers
v0000012d101fa680_0 .net "y", 0 0, L_0000012d1027a970;  1 drivers
S_0000012d10268f80 .scope generate, "genblk1[10]" "genblk1[10]" 2 15, 2 15 0, S_0000012d101b8c60;
 .timescale 0 0;
P_0000012d101fd690 .param/l "i" 0 2 15, +C4<01010>;
L_0000012d1027dcc0 .functor AND 1, L_0000012d1027b370, o0000012d102125a8, C4<1>, C4<1>;
v0000012d1026bb10_0 .net *"_ivl_0", 0 0, L_0000012d1027b370;  1 drivers
S_0000012d10269110 .scope module, "csa" "CSADD" 2 16, 2 46 0, S_0000012d10268f80;
 .timescale 0 0;
    .port_info 0 /INPUT 1 "clk";
    .port_info 1 /INPUT 1 "rst";
    .port_info 2 /INPUT 1 "x";
    .port_info 3 /INPUT 1 "y";
    .port_info 4 /OUTPUT 1 "sum";
L_0000012d1027eb30 .functor XOR 1, L_0000012d1027b230, v0000012d101bda20_0, C4<0>, C4<0>;
L_0000012d1027e200 .functor AND 1, L_0000012d1027b230, v0000012d101bda20_0, C4<1>, C4<1>;
L_0000012d1027def0 .functor XOR 1, L_0000012d1027dcc0, L_0000012d1027eb30, C4<0>, C4<0>;
L_0000012d1027e890 .functor AND 1, L_0000012d1027dcc0, L_0000012d1027eb30, C4<1>, C4<1>;
v0000012d101be2e0_0 .net "clk", 0 0, o0000012d1020d208;  alias, 0 drivers
v0000012d101bd700_0 .net "hco1", 0 0, L_0000012d1027e200;  1 drivers
v0000012d101be560_0 .net "hco2", 0 0, L_0000012d1027e890;  1 drivers
v0000012d101bd7a0_0 .net "hsum1", 0 0, L_0000012d1027eb30;  1 drivers
v0000012d101bd840_0 .net "hsum2", 0 0, L_0000012d1027def0;  1 drivers
v0000012d101bd980_0 .net "rst", 0 0, o0000012d1020d2f8;  alias, 0 drivers
v0000012d101bda20_0 .var "sc", 0 0;
v0000012d1026be30_0 .var "sum", 0 0;
v0000012d1026a990_0 .net "x", 0 0, L_0000012d1027dcc0;  1 drivers
v0000012d1026b570_0 .net "y", 0 0, L_0000012d1027b230;  1 drivers
S_0000012d10269a70 .scope generate, "genblk1[11]" "genblk1[11]" 2 15, 2 15 0, S_0000012d101b8c60;
 .timescale 0 0;
P_0000012d101fd650 .param/l "i" 0 2 15, +C4<01011>;
L_0000012d1027de80 .functor AND 1, L_0000012d1027b4b0, o0000012d102125a8, C4<1>, C4<1>;
v0000012d1026a3f0_0 .net *"_ivl_0", 0 0, L_0000012d1027b4b0;  1 drivers
S_0000012d102692a0 .scope module, "csa" "CSADD" 2 16, 2 46 0, S_0000012d10269a70;
 .timescale 0 0;
    .port_info 0 /INPUT 1 "clk";
    .port_info 1 /INPUT 1 "rst";
    .port_info 2 /INPUT 1 "x";
    .port_info 3 /INPUT 1 "y";
    .port_info 4 /OUTPUT 1 "sum";
L_0000012d1027e4a0 .functor XOR 1, L_0000012d1027b730, v0000012d1026b610_0, C4<0>, C4<0>;
L_0000012d1027e350 .functor AND 1, L_0000012d1027b730, v0000012d1026b610_0, C4<1>, C4<1>;
L_0000012d1027e7b0 .functor XOR 1, L_0000012d1027de80, L_0000012d1027e4a0, C4<0>, C4<0>;
L_0000012d1027e580 .functor AND 1, L_0000012d1027de80, L_0000012d1027e4a0, C4<1>, C4<1>;
v0000012d1026a210_0 .net "clk", 0 0, o0000012d1020d208;  alias, 0 drivers
v0000012d1026a170_0 .net "hco1", 0 0, L_0000012d1027e350;  1 drivers
v0000012d1026afd0_0 .net "hco2", 0 0, L_0000012d1027e580;  1 drivers
v0000012d1026b6b0_0 .net "hsum1", 0 0, L_0000012d1027e4a0;  1 drivers
v0000012d1026a2b0_0 .net "hsum2", 0 0, L_0000012d1027e7b0;  1 drivers
v0000012d1026a490_0 .net "rst", 0 0, o0000012d1020d2f8;  alias, 0 drivers
v0000012d1026b610_0 .var "sc", 0 0;
v0000012d1026b750_0 .var "sum", 0 0;
v0000012d1026bbb0_0 .net "x", 0 0, L_0000012d1027de80;  1 drivers
v0000012d1026b070_0 .net "y", 0 0, L_0000012d1027b730;  1 drivers
S_0000012d10269430 .scope generate, "genblk1[12]" "genblk1[12]" 2 15, 2 15 0, S_0000012d101b8c60;
 .timescale 0 0;
P_0000012d101fd6d0 .param/l "i" 0 2 15, +C4<01100>;
L_0000012d1027e270 .functor AND 1, L_0000012d1027b7d0, o0000012d102125a8, C4<1>, C4<1>;
v0000012d1026b2f0_0 .net *"_ivl_0", 0 0, L_0000012d1027b7d0;  1 drivers
S_0000012d10269750 .scope module, "csa" "CSADD" 2 16, 2 46 0, S_0000012d10269430;
 .timescale 0 0;
    .port_info 0 /INPUT 1 "clk";
    .port_info 1 /INPUT 1 "rst";
    .port_info 2 /INPUT 1 "x";
    .port_info 3 /INPUT 1 "y";
    .port_info 4 /OUTPUT 1 "sum";
L_0000012d1027e0b0 .functor XOR 1, L_0000012d10279b10, v0000012d1026a670_0, C4<0>, C4<0>;
L_0000012d1027e040 .functor AND 1, L_0000012d10279b10, v0000012d1026a670_0, C4<1>, C4<1>;
L_0000012d1027e510 .functor XOR 1, L_0000012d1027e270, L_0000012d1027e0b0, C4<0>, C4<0>;
L_0000012d1027e120 .functor AND 1, L_0000012d1027e270, L_0000012d1027e0b0, C4<1>, C4<1>;
v0000012d1026a8f0_0 .net "clk", 0 0, o0000012d1020d208;  alias, 0 drivers
v0000012d1026a5d0_0 .net "hco1", 0 0, L_0000012d1027e040;  1 drivers
v0000012d1026b7f0_0 .net "hco2", 0 0, L_0000012d1027e120;  1 drivers
v0000012d1026b890_0 .net "hsum1", 0 0, L_0000012d1027e0b0;  1 drivers
v0000012d1026b430_0 .net "hsum2", 0 0, L_0000012d1027e510;  1 drivers
v0000012d1026b110_0 .net "rst", 0 0, o0000012d1020d2f8;  alias, 0 drivers
v0000012d1026a670_0 .var "sc", 0 0;
v0000012d1026aa30_0 .var "sum", 0 0;
v0000012d10269f90_0 .net "x", 0 0, L_0000012d1027e270;  1 drivers
v0000012d1026a350_0 .net "y", 0 0, L_0000012d10279b10;  1 drivers
S_0000012d102698e0 .scope generate, "genblk1[13]" "genblk1[13]" 2 15, 2 15 0, S_0000012d101b8c60;
 .timescale 0 0;
P_0000012d101fd150 .param/l "i" 0 2 15, +C4<01101>;
L_0000012d1027e3c0 .functor AND 1, L_0000012d1027b870, o0000012d102125a8, C4<1>, C4<1>;
v0000012d1026a850_0 .net *"_ivl_0", 0 0, L_0000012d1027b870;  1 drivers
S_0000012d1026d3f0 .scope module, "csa" "CSADD" 2 16, 2 46 0, S_0000012d102698e0;
 .timescale 0 0;
    .port_info 0 /INPUT 1 "clk";
    .port_info 1 /INPUT 1 "rst";
    .port_info 2 /INPUT 1 "x";
    .port_info 3 /INPUT 1 "y";
    .port_info 4 /OUTPUT 1 "sum";
L_0000012d1027dd30 .functor XOR 1, L_0000012d10279d90, v0000012d1026ae90_0, C4<0>, C4<0>;
L_0000012d1027e190 .functor AND 1, L_0000012d10279d90, v0000012d1026ae90_0, C4<1>, C4<1>;
L_0000012d1027e2e0 .functor XOR 1, L_0000012d1027e3c0, L_0000012d1027dd30, C4<0>, C4<0>;
L_0000012d1027e820 .functor AND 1, L_0000012d1027e3c0, L_0000012d1027dd30, C4<1>, C4<1>;
v0000012d1026b1b0_0 .net "clk", 0 0, o0000012d1020d208;  alias, 0 drivers
v0000012d1026b930_0 .net "hco1", 0 0, L_0000012d1027e190;  1 drivers
v0000012d1026ba70_0 .net "hco2", 0 0, L_0000012d1027e820;  1 drivers
v0000012d1026a530_0 .net "hsum1", 0 0, L_0000012d1027dd30;  1 drivers
v0000012d1026a030_0 .net "hsum2", 0 0, L_0000012d1027e2e0;  1 drivers
v0000012d1026a710_0 .net "rst", 0 0, o0000012d1020d2f8;  alias, 0 drivers
v0000012d1026ae90_0 .var "sc", 0 0;
v0000012d1026a7b0_0 .var "sum", 0 0;
v0000012d1026a0d0_0 .net "x", 0 0, L_0000012d1027e3c0;  1 drivers
v0000012d1026b9d0_0 .net "y", 0 0, L_0000012d10279d90;  1 drivers
S_0000012d1026c5e0 .scope generate, "genblk1[14]" "genblk1[14]" 2 15, 2 15 0, S_0000012d101b8c60;
 .timescale 0 0;
P_0000012d101fdf90 .param/l "i" 0 2 15, +C4<01110>;
L_0000012d1027eac0 .functor AND 1, L_0000012d10279e30, o0000012d102125a8, C4<1>, C4<1>;
v0000012d1026adf0_0 .net *"_ivl_0", 0 0, L_0000012d10279e30;  1 drivers
S_0000012d1026d580 .scope module, "csa" "CSADD" 2 16, 2 46 0, S_0000012d1026c5e0;
 .timescale 0 0;
    .port_info 0 /INPUT 1 "clk";
    .port_info 1 /INPUT 1 "rst";
    .port_info 2 /INPUT 1 "x";
    .port_info 3 /INPUT 1 "y";
    .port_info 4 /OUTPUT 1 "sum";
L_0000012d1027e5f0 .functor XOR 1, L_0000012d10279ed0, v0000012d1026bd90_0, C4<0>, C4<0>;
L_0000012d1027df60 .functor AND 1, L_0000012d10279ed0, v0000012d1026bd90_0, C4<1>, C4<1>;
L_0000012d1027dfd0 .functor XOR 1, L_0000012d1027eac0, L_0000012d1027e5f0, C4<0>, C4<0>;
L_0000012d1027e660 .functor AND 1, L_0000012d1027eac0, L_0000012d1027e5f0, C4<1>, C4<1>;
v0000012d1026aad0_0 .net "clk", 0 0, o0000012d1020d208;  alias, 0 drivers
v0000012d1026bcf0_0 .net "hco1", 0 0, L_0000012d1027df60;  1 drivers
v0000012d1026acb0_0 .net "hco2", 0 0, L_0000012d1027e660;  1 drivers
v0000012d1026bc50_0 .net "hsum1", 0 0, L_0000012d1027e5f0;  1 drivers
v0000012d1026ab70_0 .net "hsum2", 0 0, L_0000012d1027dfd0;  1 drivers
v0000012d1026b4d0_0 .net "rst", 0 0, o0000012d1020d2f8;  alias, 0 drivers
v0000012d1026bd90_0 .var "sc", 0 0;
v0000012d1026b250_0 .var "sum", 0 0;
v0000012d1026ad50_0 .net "x", 0 0, L_0000012d1027eac0;  1 drivers
v0000012d1026ac10_0 .net "y", 0 0, L_0000012d10279ed0;  1 drivers
S_0000012d1026dd50 .scope generate, "genblk1[15]" "genblk1[15]" 2 15, 2 15 0, S_0000012d101b8c60;
 .timescale 0 0;
P_0000012d101fe010 .param/l "i" 0 2 15, +C4<01111>;
L_0000012d1027ea50 .functor AND 1, L_0000012d1027d0d0, o0000012d102125a8, C4<1>, C4<1>;
v0000012d1026e5f0_0 .net *"_ivl_0", 0 0, L_0000012d1027d0d0;  1 drivers
S_0000012d1026dbc0 .scope module, "csa" "CSADD" 2 16, 2 46 0, S_0000012d1026dd50;
 .timescale 0 0;
    .port_info 0 /INPUT 1 "clk";
    .port_info 1 /INPUT 1 "rst";
    .port_info 2 /INPUT 1 "x";
    .port_info 3 /INPUT 1 "y";
    .port_info 4 /OUTPUT 1 "sum";
L_0000012d1027de10 .functor XOR 1, L_0000012d1027c950, v0000012d1026e190_0, C4<0>, C4<0>;
L_0000012d1027e6d0 .functor AND 1, L_0000012d1027c950, v0000012d1026e190_0, C4<1>, C4<1>;
L_0000012d1027e900 .functor XOR 1, L_0000012d1027ea50, L_0000012d1027de10, C4<0>, C4<0>;
L_0000012d1027e9e0 .functor AND 1, L_0000012d1027ea50, L_0000012d1027de10, C4<1>, C4<1>;
v0000012d1026af30_0 .net "clk", 0 0, o0000012d1020d208;  alias, 0 drivers
v0000012d1026b390_0 .net "hco1", 0 0, L_0000012d1027e6d0;  1 drivers
v0000012d1026f450_0 .net "hco2", 0 0, L_0000012d1027e9e0;  1 drivers
v0000012d1026e410_0 .net "hsum1", 0 0, L_0000012d1027de10;  1 drivers
v0000012d1026eb90_0 .net "hsum2", 0 0, L_0000012d1027e900;  1 drivers
v0000012d1026f590_0 .net "rst", 0 0, o0000012d1020d2f8;  alias, 0 drivers
v0000012d1026e190_0 .var "sc", 0 0;
v0000012d1026e4b0_0 .var "sum", 0 0;
v0000012d1026e550_0 .net "x", 0 0, L_0000012d1027ea50;  1 drivers
v0000012d1026e730_0 .net "y", 0 0, L_0000012d1027c950;  1 drivers
S_0000012d1026d710 .scope generate, "genblk1[16]" "genblk1[16]" 2 15, 2 15 0, S_0000012d101b8c60;
 .timescale 0 0;
P_0000012d101fe050 .param/l "i" 0 2 15, +C4<010000>;
L_0000012d10282f10 .functor AND 1, L_0000012d1027c1d0, o0000012d102125a8, C4<1>, C4<1>;
v0000012d1026ea50_0 .net *"_ivl_0", 0 0, L_0000012d1027c1d0;  1 drivers
S_0000012d1026da30 .scope module, "csa" "CSADD" 2 16, 2 46 0, S_0000012d1026d710;
 .timescale 0 0;
    .port_info 0 /INPUT 1 "clk";
    .port_info 1 /INPUT 1 "rst";
    .port_info 2 /INPUT 1 "x";
    .port_info 3 /INPUT 1 "y";
    .port_info 4 /OUTPUT 1 "sum";
L_0000012d1027dc50 .functor XOR 1, L_0000012d1027c8b0, v0000012d1026ee10_0, C4<0>, C4<0>;
L_0000012d102831b0 .functor AND 1, L_0000012d1027c8b0, v0000012d1026ee10_0, C4<1>, C4<1>;
L_0000012d10282ea0 .functor XOR 1, L_0000012d10282f10, L_0000012d1027dc50, C4<0>, C4<0>;
L_0000012d102833e0 .functor AND 1, L_0000012d10282f10, L_0000012d1027dc50, C4<1>, C4<1>;
v0000012d1026fdb0_0 .net "clk", 0 0, o0000012d1020d208;  alias, 0 drivers
v0000012d1026f630_0 .net "hco1", 0 0, L_0000012d102831b0;  1 drivers
v0000012d1026fe50_0 .net "hco2", 0 0, L_0000012d102833e0;  1 drivers
v0000012d1026f310_0 .net "hsum1", 0 0, L_0000012d1027dc50;  1 drivers
v0000012d1026e9b0_0 .net "hsum2", 0 0, L_0000012d10282ea0;  1 drivers
v0000012d1026f6d0_0 .net "rst", 0 0, o0000012d1020d2f8;  alias, 0 drivers
v0000012d1026ee10_0 .var "sc", 0 0;
v0000012d1026e690_0 .var "sum", 0 0;
v0000012d1026f9f0_0 .net "x", 0 0, L_0000012d10282f10;  1 drivers
v0000012d1026ef50_0 .net "y", 0 0, L_0000012d1027c8b0;  1 drivers
S_0000012d1026d260 .scope generate, "genblk1[17]" "genblk1[17]" 2 15, 2 15 0, S_0000012d101b8c60;
 .timescale 0 0;
P_0000012d101fd1d0 .param/l "i" 0 2 15, +C4<010001>;
L_0000012d10283060 .functor AND 1, L_0000012d1027bd70, o0000012d102125a8, C4<1>, C4<1>;
v0000012d1026ecd0_0 .net *"_ivl_0", 0 0, L_0000012d1027bd70;  1 drivers
S_0000012d1026bfa0 .scope module, "csa" "CSADD" 2 16, 2 46 0, S_0000012d1026d260;
 .timescale 0 0;
    .port_info 0 /INPUT 1 "clk";
    .port_info 1 /INPUT 1 "rst";
    .port_info 2 /INPUT 1 "x";
    .port_info 3 /INPUT 1 "y";
    .port_info 4 /OUTPUT 1 "sum";
L_0000012d10283610 .functor XOR 1, L_0000012d1027cdb0, v0000012d1026e910_0, C4<0>, C4<0>;
L_0000012d10283680 .functor AND 1, L_0000012d1027cdb0, v0000012d1026e910_0, C4<1>, C4<1>;
L_0000012d10283140 .functor XOR 1, L_0000012d10283060, L_0000012d10283610, C4<0>, C4<0>;
L_0000012d10282c70 .functor AND 1, L_0000012d10283060, L_0000012d10283610, C4<1>, C4<1>;
v0000012d1026eaf0_0 .net "clk", 0 0, o0000012d1020d208;  alias, 0 drivers
v0000012d1026e870_0 .net "hco1", 0 0, L_0000012d10283680;  1 drivers
v0000012d1026f270_0 .net "hco2", 0 0, L_0000012d10282c70;  1 drivers
v0000012d1026f3b0_0 .net "hsum1", 0 0, L_0000012d10283610;  1 drivers
v0000012d1026dfb0_0 .net "hsum2", 0 0, L_0000012d10283140;  1 drivers
v0000012d1026e7d0_0 .net "rst", 0 0, o0000012d1020d2f8;  alias, 0 drivers
v0000012d1026e910_0 .var "sc", 0 0;
v0000012d1026f4f0_0 .var "sum", 0 0;
v0000012d1026ed70_0 .net "x", 0 0, L_0000012d10283060;  1 drivers
v0000012d1026ec30_0 .net "y", 0 0, L_0000012d1027cdb0;  1 drivers
S_0000012d1026c130 .scope generate, "genblk1[18]" "genblk1[18]" 2 15, 2 15 0, S_0000012d101b8c60;
 .timescale 0 0;
P_0000012d101fd210 .param/l "i" 0 2 15, +C4<010010>;
L_0000012d102830d0 .functor AND 1, L_0000012d1027c9f0, o0000012d102125a8, C4<1>, C4<1>;
v0000012d1026e0f0_0 .net *"_ivl_0", 0 0, L_0000012d1027c9f0;  1 drivers
S_0000012d1026d8a0 .scope module, "csa" "CSADD" 2 16, 2 46 0, S_0000012d1026c130;
 .timescale 0 0;
    .port_info 0 /INPUT 1 "clk";
    .port_info 1 /INPUT 1 "rst";
    .port_info 2 /INPUT 1 "x";
    .port_info 3 /INPUT 1 "y";
    .port_info 4 /OUTPUT 1 "sum";
L_0000012d10283300 .functor XOR 1, L_0000012d1027d2b0, v0000012d1026eeb0_0, C4<0>, C4<0>;
L_0000012d10283a00 .functor AND 1, L_0000012d1027d2b0, v0000012d1026eeb0_0, C4<1>, C4<1>;
L_0000012d10283370 .functor XOR 1, L_0000012d102830d0, L_0000012d10283300, C4<0>, C4<0>;
L_0000012d10282ce0 .functor AND 1, L_0000012d102830d0, L_0000012d10283300, C4<1>, C4<1>;
v0000012d1026f770_0 .net "clk", 0 0, o0000012d1020d208;  alias, 0 drivers
v0000012d1026f090_0 .net "hco1", 0 0, L_0000012d10283a00;  1 drivers
v0000012d1026f810_0 .net "hco2", 0 0, L_0000012d10282ce0;  1 drivers
v0000012d1026eff0_0 .net "hsum1", 0 0, L_0000012d10283300;  1 drivers
v0000012d1026f8b0_0 .net "hsum2", 0 0, L_0000012d10283370;  1 drivers
v0000012d1026f950_0 .net "rst", 0 0, o0000012d1020d2f8;  alias, 0 drivers
v0000012d1026eeb0_0 .var "sc", 0 0;
v0000012d1026fa90_0 .var "sum", 0 0;
v0000012d1026f130_0 .net "x", 0 0, L_0000012d102830d0;  1 drivers
v0000012d1026fb30_0 .net "y", 0 0, L_0000012d1027d2b0;  1 drivers
S_0000012d1026cdb0 .scope generate, "genblk1[19]" "genblk1[19]" 2 15, 2 15 0, S_0000012d101b8c60;
 .timescale 0 0;
P_0000012d101fd390 .param/l "i" 0 2 15, +C4<010011>;
L_0000012d10283840 .functor AND 1, L_0000012d1027c270, o0000012d102125a8, C4<1>, C4<1>;
v0000012d10270b70_0 .net *"_ivl_0", 0 0, L_0000012d1027c270;  1 drivers
S_0000012d1026d0d0 .scope module, "csa" "CSADD" 2 16, 2 46 0, S_0000012d1026cdb0;
 .timescale 0 0;
    .port_info 0 /INPUT 1 "clk";
    .port_info 1 /INPUT 1 "rst";
    .port_info 2 /INPUT 1 "x";
    .port_info 3 /INPUT 1 "y";
    .port_info 4 /OUTPUT 1 "sum";
L_0000012d10283220 .functor XOR 1, L_0000012d1027cd10, v0000012d1026e2d0_0, C4<0>, C4<0>;
L_0000012d102836f0 .functor AND 1, L_0000012d1027cd10, v0000012d1026e2d0_0, C4<1>, C4<1>;
L_0000012d10283450 .functor XOR 1, L_0000012d10283840, L_0000012d10283220, C4<0>, C4<0>;
L_0000012d102838b0 .functor AND 1, L_0000012d10283840, L_0000012d10283220, C4<1>, C4<1>;
v0000012d1026f1d0_0 .net "clk", 0 0, o0000012d1020d208;  alias, 0 drivers
v0000012d1026fbd0_0 .net "hco1", 0 0, L_0000012d102836f0;  1 drivers
v0000012d1026fc70_0 .net "hco2", 0 0, L_0000012d102838b0;  1 drivers
v0000012d1026fd10_0 .net "hsum1", 0 0, L_0000012d10283220;  1 drivers
v0000012d1026e050_0 .net "hsum2", 0 0, L_0000012d10283450;  1 drivers
v0000012d1026e230_0 .net "rst", 0 0, o0000012d1020d2f8;  alias, 0 drivers
v0000012d1026e2d0_0 .var "sc", 0 0;
v0000012d1026e370_0 .var "sum", 0 0;
v0000012d10270670_0 .net "x", 0 0, L_0000012d10283840;  1 drivers
v0000012d10272330_0 .net "y", 0 0, L_0000012d1027cd10;  1 drivers
S_0000012d1026c770 .scope generate, "genblk1[20]" "genblk1[20]" 2 15, 2 15 0, S_0000012d101b8c60;
 .timescale 0 0;
P_0000012d101fd3d0 .param/l "i" 0 2 15, +C4<010100>;
L_0000012d10283530 .functor AND 1, L_0000012d1027c090, o0000012d102125a8, C4<1>, C4<1>;
v0000012d10272970_0 .net *"_ivl_0", 0 0, L_0000012d1027c090;  1 drivers
S_0000012d1026cc20 .scope module, "csa" "CSADD" 2 16, 2 46 0, S_0000012d1026c770;
 .timescale 0 0;
    .port_info 0 /INPUT 1 "clk";
    .port_info 1 /INPUT 1 "rst";
    .port_info 2 /INPUT 1 "x";
    .port_info 3 /INPUT 1 "y";
    .port_info 4 /OUTPUT 1 "sum";
L_0000012d10283990 .functor XOR 1, L_0000012d1027ce50, v0000012d10271cf0_0, C4<0>, C4<0>;
L_0000012d10283760 .functor AND 1, L_0000012d1027ce50, v0000012d10271cf0_0, C4<1>, C4<1>;
L_0000012d102834c0 .functor XOR 1, L_0000012d10283530, L_0000012d10283990, C4<0>, C4<0>;
L_0000012d102835a0 .functor AND 1, L_0000012d10283530, L_0000012d10283990, C4<1>, C4<1>;
v0000012d102719d0_0 .net "clk", 0 0, o0000012d1020d208;  alias, 0 drivers
v0000012d10271430_0 .net "hco1", 0 0, L_0000012d10283760;  1 drivers
v0000012d10271110_0 .net "hco2", 0 0, L_0000012d102835a0;  1 drivers
v0000012d10270f30_0 .net "hsum1", 0 0, L_0000012d10283990;  1 drivers
v0000012d10271610_0 .net "hsum2", 0 0, L_0000012d102834c0;  1 drivers
v0000012d10270710_0 .net "rst", 0 0, o0000012d1020d2f8;  alias, 0 drivers
v0000012d10271cf0_0 .var "sc", 0 0;
v0000012d10271d90_0 .var "sum", 0 0;
v0000012d10271f70_0 .net "x", 0 0, L_0000012d10283530;  1 drivers
v0000012d10272b50_0 .net "y", 0 0, L_0000012d1027ce50;  1 drivers
S_0000012d1026c900 .scope generate, "genblk1[21]" "genblk1[21]" 2 15, 2 15 0, S_0000012d101b8c60;
 .timescale 0 0;
P_0000012d101fd410 .param/l "i" 0 2 15, +C4<010101>;
L_0000012d10283b50 .functor AND 1, L_0000012d1027be10, o0000012d102125a8, C4<1>, C4<1>;
v0000012d10271e30_0 .net *"_ivl_0", 0 0, L_0000012d1027be10;  1 drivers
S_0000012d1026cf40 .scope module, "csa" "CSADD" 2 16, 2 46 0, S_0000012d1026c900;
 .timescale 0 0;
    .port_info 0 /INPUT 1 "clk";
    .port_info 1 /INPUT 1 "rst";
    .port_info 2 /INPUT 1 "x";
    .port_info 3 /INPUT 1 "y";
    .port_info 4 /OUTPUT 1 "sum";
L_0000012d10283290 .functor XOR 1, L_0000012d1027d030, v0000012d102707b0_0, C4<0>, C4<0>;
L_0000012d102837d0 .functor AND 1, L_0000012d1027d030, v0000012d102707b0_0, C4<1>, C4<1>;
L_0000012d10283ae0 .functor XOR 1, L_0000012d10283b50, L_0000012d10283290, C4<0>, C4<0>;
L_0000012d10282d50 .functor AND 1, L_0000012d10283b50, L_0000012d10283290, C4<1>, C4<1>;
v0000012d10272a10_0 .net "clk", 0 0, o0000012d1020d208;  alias, 0 drivers
v0000012d102705d0_0 .net "hco1", 0 0, L_0000012d102837d0;  1 drivers
v0000012d102723d0_0 .net "hco2", 0 0, L_0000012d10282d50;  1 drivers
v0000012d10272010_0 .net "hsum1", 0 0, L_0000012d10283290;  1 drivers
v0000012d10271930_0 .net "hsum2", 0 0, L_0000012d10283ae0;  1 drivers
v0000012d102716b0_0 .net "rst", 0 0, o0000012d1020d2f8;  alias, 0 drivers
v0000012d102707b0_0 .var "sc", 0 0;
v0000012d102726f0_0 .var "sum", 0 0;
v0000012d10271bb0_0 .net "x", 0 0, L_0000012d10283b50;  1 drivers
v0000012d10272150_0 .net "y", 0 0, L_0000012d1027d030;  1 drivers
S_0000012d1026ca90 .scope generate, "genblk1[22]" "genblk1[22]" 2 15, 2 15 0, S_0000012d101b8c60;
 .timescale 0 0;
P_0000012d101fd490 .param/l "i" 0 2 15, +C4<010110>;
L_0000012d10282f80 .functor AND 1, L_0000012d1027cef0, o0000012d102125a8, C4<1>, C4<1>;
v0000012d102721f0_0 .net *"_ivl_0", 0 0, L_0000012d1027cef0;  1 drivers
S_0000012d1026c2c0 .scope module, "csa" "CSADD" 2 16, 2 46 0, S_0000012d1026ca90;
 .timescale 0 0;
    .port_info 0 /INPUT 1 "clk";
    .port_info 1 /INPUT 1 "rst";
    .port_info 2 /INPUT 1 "x";
    .port_info 3 /INPUT 1 "y";
    .port_info 4 /OUTPUT 1 "sum";
L_0000012d10283920 .functor XOR 1, L_0000012d1027ca90, v0000012d102725b0_0, C4<0>, C4<0>;
L_0000012d10283a70 .functor AND 1, L_0000012d1027ca90, v0000012d102725b0_0, C4<1>, C4<1>;
L_0000012d10282dc0 .functor XOR 1, L_0000012d10282f80, L_0000012d10283920, C4<0>, C4<0>;
L_0000012d10282e30 .functor AND 1, L_0000012d10282f80, L_0000012d10283920, C4<1>, C4<1>;
v0000012d10270990_0 .net "clk", 0 0, o0000012d1020d208;  alias, 0 drivers
v0000012d10272790_0 .net "hco1", 0 0, L_0000012d10283a70;  1 drivers
v0000012d10271ed0_0 .net "hco2", 0 0, L_0000012d10282e30;  1 drivers
v0000012d10272470_0 .net "hsum1", 0 0, L_0000012d10283920;  1 drivers
v0000012d10270fd0_0 .net "hsum2", 0 0, L_0000012d10282dc0;  1 drivers
v0000012d10272830_0 .net "rst", 0 0, o0000012d1020d2f8;  alias, 0 drivers
v0000012d102725b0_0 .var "sc", 0 0;
v0000012d10271250_0 .var "sum", 0 0;
v0000012d102720b0_0 .net "x", 0 0, L_0000012d10282f80;  1 drivers
v0000012d10270c10_0 .net "y", 0 0, L_0000012d1027ca90;  1 drivers
S_0000012d1026c450 .scope generate, "genblk1[23]" "genblk1[23]" 2 15, 2 15 0, S_0000012d101b8c60;
 .timescale 0 0;
P_0000012d101fd550 .param/l "i" 0 2 15, +C4<010111>;
L_0000012d10284850 .functor AND 1, L_0000012d1027c130, o0000012d102125a8, C4<1>, C4<1>;
v0000012d102728d0_0 .net *"_ivl_0", 0 0, L_0000012d1027c130;  1 drivers
S_0000012d10276e90 .scope module, "csa" "CSADD" 2 16, 2 46 0, S_0000012d1026c450;
 .timescale 0 0;
    .port_info 0 /INPUT 1 "clk";
    .port_info 1 /INPUT 1 "rst";
    .port_info 2 /INPUT 1 "x";
    .port_info 3 /INPUT 1 "y";
    .port_info 4 /OUTPUT 1 "sum";
L_0000012d10282ff0 .functor XOR 1, L_0000012d1027c310, v0000012d10270cb0_0, C4<0>, C4<0>;
L_0000012d102848c0 .functor AND 1, L_0000012d1027c310, v0000012d10270cb0_0, C4<1>, C4<1>;
L_0000012d10284460 .functor XOR 1, L_0000012d10284850, L_0000012d10282ff0, C4<0>, C4<0>;
L_0000012d102849a0 .functor AND 1, L_0000012d10284850, L_0000012d10282ff0, C4<1>, C4<1>;
v0000012d10272510_0 .net "clk", 0 0, o0000012d1020d208;  alias, 0 drivers
v0000012d10272650_0 .net "hco1", 0 0, L_0000012d102848c0;  1 drivers
v0000012d102711b0_0 .net "hco2", 0 0, L_0000012d102849a0;  1 drivers
v0000012d10271a70_0 .net "hsum1", 0 0, L_0000012d10282ff0;  1 drivers
v0000012d102714d0_0 .net "hsum2", 0 0, L_0000012d10284460;  1 drivers
v0000012d10271b10_0 .net "rst", 0 0, o0000012d1020d2f8;  alias, 0 drivers
v0000012d10270cb0_0 .var "sc", 0 0;
v0000012d102712f0_0 .var "sum", 0 0;
v0000012d102703f0_0 .net "x", 0 0, L_0000012d10284850;  1 drivers
v0000012d10270490_0 .net "y", 0 0, L_0000012d1027c310;  1 drivers
S_0000012d102758b0 .scope generate, "genblk1[24]" "genblk1[24]" 2 15, 2 15 0, S_0000012d101b8c60;
 .timescale 0 0;
P_0000012d101fd750 .param/l "i" 0 2 15, +C4<011000>;
L_0000012d102844d0 .functor AND 1, L_0000012d1027c3b0, o0000012d102125a8, C4<1>, C4<1>;
v0000012d102717f0_0 .net *"_ivl_0", 0 0, L_0000012d1027c3b0;  1 drivers
S_0000012d10276d00 .scope module, "csa" "CSADD" 2 16, 2 46 0, S_0000012d102758b0;
 .timescale 0 0;
    .port_info 0 /INPUT 1 "clk";
    .port_info 1 /INPUT 1 "rst";
    .port_info 2 /INPUT 1 "x";
    .port_info 3 /INPUT 1 "y";
    .port_info 4 /OUTPUT 1 "sum";
L_0000012d10284070 .functor XOR 1, L_0000012d1027cb30, v0000012d10270a30_0, C4<0>, C4<0>;
L_0000012d10284150 .functor AND 1, L_0000012d1027cb30, v0000012d10270a30_0, C4<1>, C4<1>;
L_0000012d10284700 .functor XOR 1, L_0000012d102844d0, L_0000012d10284070, C4<0>, C4<0>;
L_0000012d10284d90 .functor AND 1, L_0000012d102844d0, L_0000012d10284070, C4<1>, C4<1>;
v0000012d10272ab0_0 .net "clk", 0 0, o0000012d1020d208;  alias, 0 drivers
v0000012d10270850_0 .net "hco1", 0 0, L_0000012d10284150;  1 drivers
v0000012d10272290_0 .net "hco2", 0 0, L_0000012d10284d90;  1 drivers
v0000012d10271570_0 .net "hsum1", 0 0, L_0000012d10284070;  1 drivers
v0000012d10270530_0 .net "hsum2", 0 0, L_0000012d10284700;  1 drivers
v0000012d10271390_0 .net "rst", 0 0, o0000012d1020d2f8;  alias, 0 drivers
v0000012d10270a30_0 .var "sc", 0 0;
v0000012d10271750_0 .var "sum", 0 0;
v0000012d102708f0_0 .net "x", 0 0, L_0000012d102844d0;  1 drivers
v0000012d10270ad0_0 .net "y", 0 0, L_0000012d1027cb30;  1 drivers
S_0000012d102769e0 .scope generate, "genblk1[25]" "genblk1[25]" 2 15, 2 15 0, S_0000012d101b8c60;
 .timescale 0 0;
P_0000012d101fd590 .param/l "i" 0 2 15, +C4<011001>;
L_0000012d10284930 .functor AND 1, L_0000012d1027cc70, o0000012d102125a8, C4<1>, C4<1>;
v0000012d10273410_0 .net *"_ivl_0", 0 0, L_0000012d1027cc70;  1 drivers
S_0000012d10276530 .scope module, "csa" "CSADD" 2 16, 2 46 0, S_0000012d102769e0;
 .timescale 0 0;
    .port_info 0 /INPUT 1 "clk";
    .port_info 1 /INPUT 1 "rst";
    .port_info 2 /INPUT 1 "x";
    .port_info 3 /INPUT 1 "y";
    .port_info 4 /OUTPUT 1 "sum";
L_0000012d10284540 .functor XOR 1, L_0000012d1027cf90, v0000012d10273a50_0, C4<0>, C4<0>;
L_0000012d102840e0 .functor AND 1, L_0000012d1027cf90, v0000012d10273a50_0, C4<1>, C4<1>;
L_0000012d10284b60 .functor XOR 1, L_0000012d10284930, L_0000012d10284540, C4<0>, C4<0>;
L_0000012d10284a80 .functor AND 1, L_0000012d10284930, L_0000012d10284540, C4<1>, C4<1>;
v0000012d10270d50_0 .net "clk", 0 0, o0000012d1020d208;  alias, 0 drivers
v0000012d10271890_0 .net "hco1", 0 0, L_0000012d102840e0;  1 drivers
v0000012d10270df0_0 .net "hco2", 0 0, L_0000012d10284a80;  1 drivers
v0000012d10270e90_0 .net "hsum1", 0 0, L_0000012d10284540;  1 drivers
v0000012d10271070_0 .net "hsum2", 0 0, L_0000012d10284b60;  1 drivers
v0000012d10271c50_0 .net "rst", 0 0, o0000012d1020d2f8;  alias, 0 drivers
v0000012d10273a50_0 .var "sc", 0 0;
v0000012d10273370_0 .var "sum", 0 0;
v0000012d10273af0_0 .net "x", 0 0, L_0000012d10284930;  1 drivers
v0000012d10272f10_0 .net "y", 0 0, L_0000012d1027cf90;  1 drivers
S_0000012d10276b70 .scope generate, "genblk1[26]" "genblk1[26]" 2 15, 2 15 0, S_0000012d101b8c60;
 .timescale 0 0;
P_0000012d101fd710 .param/l "i" 0 2 15, +C4<011010>;
L_0000012d102841c0 .functor AND 1, L_0000012d1027c6d0, o0000012d102125a8, C4<1>, C4<1>;
v0000012d10274090_0 .net *"_ivl_0", 0 0, L_0000012d1027c6d0;  1 drivers
S_0000012d10275590 .scope module, "csa" "CSADD" 2 16, 2 46 0, S_0000012d10276b70;
 .timescale 0 0;
    .port_info 0 /INPUT 1 "clk";
    .port_info 1 /INPUT 1 "rst";
    .port_info 2 /INPUT 1 "x";
    .port_info 3 /INPUT 1 "y";
    .port_info 4 /OUTPUT 1 "sum";
L_0000012d10284cb0 .functor XOR 1, L_0000012d1027cbd0, v0000012d10273cd0_0, C4<0>, C4<0>;
L_0000012d10284000 .functor AND 1, L_0000012d1027cbd0, v0000012d10273cd0_0, C4<1>, C4<1>;
L_0000012d10284310 .functor XOR 1, L_0000012d102841c0, L_0000012d10284cb0, C4<0>, C4<0>;
L_0000012d102847e0 .functor AND 1, L_0000012d102841c0, L_0000012d10284cb0, C4<1>, C4<1>;
v0000012d10273b90_0 .net "clk", 0 0, o0000012d1020d208;  alias, 0 drivers
v0000012d10273ff0_0 .net "hco1", 0 0, L_0000012d10284000;  1 drivers
v0000012d102734b0_0 .net "hco2", 0 0, L_0000012d102847e0;  1 drivers
v0000012d10273230_0 .net "hsum1", 0 0, L_0000012d10284cb0;  1 drivers
v0000012d10273050_0 .net "hsum2", 0 0, L_0000012d10284310;  1 drivers
v0000012d10273c30_0 .net "rst", 0 0, o0000012d1020d2f8;  alias, 0 drivers
v0000012d10273cd0_0 .var "sc", 0 0;
v0000012d10272bf0_0 .var "sum", 0 0;
v0000012d10273d70_0 .net "x", 0 0, L_0000012d102841c0;  1 drivers
v0000012d102739b0_0 .net "y", 0 0, L_0000012d1027cbd0;  1 drivers
S_0000012d10276850 .scope generate, "genblk1[27]" "genblk1[27]" 2 15, 2 15 0, S_0000012d101b8c60;
 .timescale 0 0;
P_0000012d101fd790 .param/l "i" 0 2 15, +C4<011011>;
L_0000012d10284af0 .functor AND 1, L_0000012d1027c450, o0000012d102125a8, C4<1>, C4<1>;
v0000012d102741d0_0 .net *"_ivl_0", 0 0, L_0000012d1027c450;  1 drivers
S_0000012d10275d60 .scope module, "csa" "CSADD" 2 16, 2 46 0, S_0000012d10276850;
 .timescale 0 0;
    .port_info 0 /INPUT 1 "clk";
    .port_info 1 /INPUT 1 "rst";
    .port_info 2 /INPUT 1 "x";
    .port_info 3 /INPUT 1 "y";
    .port_info 4 /OUTPUT 1 "sum";
L_0000012d10284620 .functor XOR 1, L_0000012d1027d170, v0000012d102737d0_0, C4<0>, C4<0>;
L_0000012d10284230 .functor AND 1, L_0000012d1027d170, v0000012d102737d0_0, C4<1>, C4<1>;
L_0000012d10284380 .functor XOR 1, L_0000012d10284af0, L_0000012d10284620, C4<0>, C4<0>;
L_0000012d10284a10 .functor AND 1, L_0000012d10284af0, L_0000012d10284620, C4<1>, C4<1>;
v0000012d102735f0_0 .net "clk", 0 0, o0000012d1020d208;  alias, 0 drivers
v0000012d10273e10_0 .net "hco1", 0 0, L_0000012d10284230;  1 drivers
v0000012d10272d30_0 .net "hco2", 0 0, L_0000012d10284a10;  1 drivers
v0000012d10272c90_0 .net "hsum1", 0 0, L_0000012d10284620;  1 drivers
v0000012d10273eb0_0 .net "hsum2", 0 0, L_0000012d10284380;  1 drivers
v0000012d10273910_0 .net "rst", 0 0, o0000012d1020d2f8;  alias, 0 drivers
v0000012d102737d0_0 .var "sc", 0 0;
v0000012d10273f50_0 .var "sum", 0 0;
v0000012d10274130_0 .net "x", 0 0, L_0000012d10284af0;  1 drivers
v0000012d10273690_0 .net "y", 0 0, L_0000012d1027d170;  1 drivers
S_0000012d10277020 .scope generate, "genblk1[28]" "genblk1[28]" 2 15, 2 15 0, S_0000012d101b8c60;
 .timescale 0 0;
P_0000012d101fd990 .param/l "i" 0 2 15, +C4<011100>;
L_0000012d10284690 .functor AND 1, L_0000012d1027d210, o0000012d102125a8, C4<1>, C4<1>;
v0000012d1027a5b0_0 .net *"_ivl_0", 0 0, L_0000012d1027d210;  1 drivers
S_0000012d102771b0 .scope module, "csa" "CSADD" 2 16, 2 46 0, S_0000012d10277020;
 .timescale 0 0;
    .port_info 0 /INPUT 1 "clk";
    .port_info 1 /INPUT 1 "rst";
    .port_info 2 /INPUT 1 "x";
    .port_info 3 /INPUT 1 "y";
    .port_info 4 /OUTPUT 1 "sum";
L_0000012d10284e00 .functor XOR 1, L_0000012d1027c4f0, v0000012d10273190_0, C4<0>, C4<0>;
L_0000012d10284d20 .functor AND 1, L_0000012d1027c4f0, v0000012d10273190_0, C4<1>, C4<1>;
L_0000012d10284bd0 .functor XOR 1, L_0000012d10284690, L_0000012d10284e00, C4<0>, C4<0>;
L_0000012d102845b0 .functor AND 1, L_0000012d10284690, L_0000012d10284e00, C4<1>, C4<1>;
v0000012d10274270_0 .net "clk", 0 0, o0000012d1020d208;  alias, 0 drivers
v0000012d10272dd0_0 .net "hco1", 0 0, L_0000012d10284d20;  1 drivers
v0000012d10273870_0 .net "hco2", 0 0, L_0000012d102845b0;  1 drivers
v0000012d102730f0_0 .net "hsum1", 0 0, L_0000012d10284e00;  1 drivers
v0000012d10272e70_0 .net "hsum2", 0 0, L_0000012d10284bd0;  1 drivers
v0000012d10272fb0_0 .net "rst", 0 0, o0000012d1020d2f8;  alias, 0 drivers
v0000012d10273190_0 .var "sc", 0 0;
v0000012d102732d0_0 .var "sum", 0 0;
v0000012d10273550_0 .net "x", 0 0, L_0000012d10284690;  1 drivers
v0000012d10273730_0 .net "y", 0 0, L_0000012d1027c4f0;  1 drivers
S_0000012d10275ef0 .scope generate, "genblk1[29]" "genblk1[29]" 2 15, 2 15 0, S_0000012d101b8c60;
 .timescale 0 0;
P_0000012d101fd7d0 .param/l "i" 0 2 15, +C4<011101>;
L_0000012d10284e70 .functor AND 1, L_0000012d1027bc30, o0000012d102125a8, C4<1>, C4<1>;
v0000012d10279570_0 .net *"_ivl_0", 0 0, L_0000012d1027bc30;  1 drivers
S_0000012d10275400 .scope module, "csa" "CSADD" 2 16, 2 46 0, S_0000012d10275ef0;
 .timescale 0 0;
    .port_info 0 /INPUT 1 "clk";
    .port_info 1 /INPUT 1 "rst";
    .port_info 2 /INPUT 1 "x";
    .port_info 3 /INPUT 1 "y";
    .port_info 4 /OUTPUT 1 "sum";
L_0000012d102842a0 .functor XOR 1, L_0000012d1027beb0, v0000012d1027ab50_0, C4<0>, C4<0>;
L_0000012d10284c40 .functor AND 1, L_0000012d1027beb0, v0000012d1027ab50_0, C4<1>, C4<1>;
L_0000012d10284770 .functor XOR 1, L_0000012d10284e70, L_0000012d102842a0, C4<0>, C4<0>;
L_0000012d102843f0 .functor AND 1, L_0000012d10284e70, L_0000012d102842a0, C4<1>, C4<1>;
v0000012d1027b910_0 .net "clk", 0 0, o0000012d1020d208;  alias, 0 drivers
v0000012d10279bb0_0 .net "hco1", 0 0, L_0000012d10284c40;  1 drivers
v0000012d1027aa10_0 .net "hco2", 0 0, L_0000012d102843f0;  1 drivers
v0000012d10279c50_0 .net "hsum1", 0 0, L_0000012d102842a0;  1 drivers
v0000012d1027a150_0 .net "hsum2", 0 0, L_0000012d10284770;  1 drivers
v0000012d1027a0b0_0 .net "rst", 0 0, o0000012d1020d2f8;  alias, 0 drivers
v0000012d1027ab50_0 .var "sc", 0 0;
v0000012d10279430_0 .var "sum", 0 0;
v0000012d1027a650_0 .net "x", 0 0, L_0000012d10284e70;  1 drivers
v0000012d10279750_0 .net "y", 0 0, L_0000012d1027beb0;  1 drivers
S_0000012d10275720 .scope generate, "genblk1[30]" "genblk1[30]" 2 15, 2 15 0, S_0000012d101b8c60;
 .timescale 0 0;
P_0000012d101fd810 .param/l "i" 0 2 15, +C4<011110>;
L_0000012d10286c30 .functor AND 1, L_0000012d1027c590, o0000012d102125a8, C4<1>, C4<1>;
v0000012d1027af10_0 .net *"_ivl_0", 0 0, L_0000012d1027c590;  1 drivers
S_0000012d10275a40 .scope module, "csa" "CSADD" 2 16, 2 46 0, S_0000012d10275720;
 .timescale 0 0;
    .port_info 0 /INPUT 1 "clk";
    .port_info 1 /INPUT 1 "rst";
    .port_info 2 /INPUT 1 "x";
    .port_info 3 /INPUT 1 "y";
    .port_info 4 /OUTPUT 1 "sum";
L_0000012d10284ee0 .functor XOR 1, L_0000012d1027c630, v0000012d1027ba50_0, C4<0>, C4<0>;
L_0000012d102855e0 .functor AND 1, L_0000012d1027c630, v0000012d1027ba50_0, C4<1>, C4<1>;
L_0000012d10285810 .functor XOR 1, L_0000012d10286c30, L_0000012d10284ee0, C4<0>, C4<0>;
L_0000012d102864c0 .functor AND 1, L_0000012d10286c30, L_0000012d10284ee0, C4<1>, C4<1>;
v0000012d1027b5f0_0 .net "clk", 0 0, o0000012d1020d208;  alias, 0 drivers
v0000012d1027ad30_0 .net "hco1", 0 0, L_0000012d102855e0;  1 drivers
v0000012d1027bb90_0 .net "hco2", 0 0, L_0000012d102864c0;  1 drivers
v0000012d102799d0_0 .net "hsum1", 0 0, L_0000012d10284ee0;  1 drivers
v0000012d1027a330_0 .net "hsum2", 0 0, L_0000012d10285810;  1 drivers
v0000012d102794d0_0 .net "rst", 0 0, o0000012d1020d2f8;  alias, 0 drivers
v0000012d1027ba50_0 .var "sc", 0 0;
v0000012d1027aab0_0 .var "sum", 0 0;
v0000012d1027a510_0 .net "x", 0 0, L_0000012d10286c30;  1 drivers
v0000012d10279cf0_0 .net "y", 0 0, L_0000012d1027c630;  1 drivers
S_0000012d10275bd0 .scope module, "tcmp" "TCMP" 2 18, 2 22 0, S_0000012d101b8c60;
 .timescale 0 0;
    .port_info 0 /INPUT 1 "clk";
    .port_info 1 /INPUT 1 "rst";
    .port_info 2 /INPUT 1 "a";
    .port_info 3 /OUTPUT 1 "s";
P_0000012d1023eef0 .param/l "TCMP_size1" 0 2 23, +C4<00000000000000000000000001101111>;
P_0000012d1023ef28 .param/l "TCMP_size2" 0 2 24, +C4<00000000000000000000000011011110>;
P_0000012d1023ef60 .param/l "TCMP_size3" 0 2 25, +C4<00000000000000000000000101001101>;
v0000012d10279890_0 .net "a", 0 0, L_0000012d10286680;  1 drivers
v0000012d10279610_0 .net "clk", 0 0, o0000012d1020d208;  alias, 0 drivers
v0000012d1027add0_0 .net "rst", 0 0, o0000012d1020d2f8;  alias, 0 drivers
v0000012d10279f70_0 .var "s", 0 0;
v0000012d1027abf0_0 .var "z", 0 0;
    .scope S_0000012d100fd1d0;
T_0 ;
    %wait E_0000012d101fdad0;
    %load/vec4 v0000012d1020af50_0;
    %flag_set/vec4 8;
    %jmp/0xz  T_0.0, 8;
    %pushi/vec4 0, 0, 1;
    %assign/vec4 v0000012d1020a730_0, 0;
    %pushi/vec4 0, 0, 1;
    %assign/vec4 v0000012d1020a370_0, 0;
    %jmp T_0.1;
T_0.0 ;
    %load/vec4 v0000012d10209c90_0;
    %assign/vec4 v0000012d1020a730_0, 0;
    %load/vec4 v0000012d1020ac30_0;
    %load/vec4 v0000012d10209b50_0;
    %xor;
    %assign/vec4 v0000012d1020a370_0, 0;
T_0.1 ;
    %jmp T_0;
    .thread T_0;
    .scope S_0000012d10189c30;
T_1 ;
    %wait E_0000012d101fdad0;
    %load/vec4 v0000012d1020a7d0_0;
    %flag_set/vec4 8;
    %jmp/0xz  T_1.0, 8;
    %pushi/vec4 0, 0, 1;
    %assign/vec4 v0000012d1020b130_0, 0;
    %pushi/vec4 0, 0, 1;
    %assign/vec4 v0000012d1020a870_0, 0;
    %jmp T_1.1;
T_1.0 ;
    %load/vec4 v0000012d1020a4b0_0;
    %assign/vec4 v0000012d1020b130_0, 0;
    %load/vec4 v0000012d1020a0f0_0;
    %load/vec4 v0000012d1020a190_0;
    %xor;
    %assign/vec4 v0000012d1020a870_0, 0;
T_1.1 ;
    %jmp T_1;
    .thread T_1;
    .scope S_0000012d1023ea40;
T_2 ;
    %wait E_0000012d101fdad0;
    %load/vec4 v0000012d101c1db0_0;
    %flag_set/vec4 8;
    %jmp/0xz  T_2.0, 8;
    %pushi/vec4 0, 0, 1;
    %assign/vec4 v0000012d101c1770_0, 0;
    %pushi/vec4 0, 0, 1;
    %assign/vec4 v0000012d101c16d0_0, 0;
    %jmp T_2.1;
T_2.0 ;
    %load/vec4 v0000012d101c1450_0;
    %assign/vec4 v0000012d101c1770_0, 0;
    %load/vec4 v0000012d1020b3b0_0;
    %load/vec4 v0000012d101c18b0_0;
    %xor;
    %assign/vec4 v0000012d101c16d0_0, 0;
T_2.1 ;
    %jmp T_2;
    .thread T_2;
    .scope S_0000012d1023ed60;
T_3 ;
    %wait E_0000012d101fdad0;
    %load/vec4 v0000012d101c0af0_0;
    %flag_set/vec4 8;
    %jmp/0xz  T_3.0, 8;
    %pushi/vec4 0, 0, 1;
    %assign/vec4 v0000012d101cdc70_0, 0;
    %pushi/vec4 0, 0, 1;
    %assign/vec4 v0000012d101cd770_0, 0;
    %jmp T_3.1;
T_3.0 ;
    %load/vec4 v0000012d101c09b0_0;
    %assign/vec4 v0000012d101cdc70_0, 0;
    %load/vec4 v0000012d101c1ef0_0;
    %load/vec4 v0000012d101c2350_0;
    %xor;
    %assign/vec4 v0000012d101cd770_0, 0;
T_3.1 ;
    %jmp T_3;
    .thread T_3;
    .scope S_0000012d102601c0;
T_4 ;
    %wait E_0000012d101fdad0;
    %load/vec4 v0000012d101ce170_0;
    %flag_set/vec4 8;
    %jmp/0xz  T_4.0, 8;
    %pushi/vec4 0, 0, 1;
    %assign/vec4 v0000012d101cdd10_0, 0;
    %pushi/vec4 0, 0, 1;
    %assign/vec4 v0000012d101ceb70_0, 0;
    %jmp T_4.1;
T_4.0 ;
    %load/vec4 v0000012d101cda90_0;
    %assign/vec4 v0000012d101cdd10_0, 0;
    %load/vec4 v0000012d101cedf0_0;
    %load/vec4 v0000012d101cef30_0;
    %xor;
    %assign/vec4 v0000012d101ceb70_0, 0;
T_4.1 ;
    %jmp T_4;
    .thread T_4;
    .scope S_0000012d102604e0;
T_5 ;
    %wait E_0000012d101fdad0;
    %load/vec4 v0000012d101decb0_0;
    %flag_set/vec4 8;
    %jmp/0xz  T_5.0, 8;
    %pushi/vec4 0, 0, 1;
    %assign/vec4 v0000012d101dd9f0_0, 0;
    %pushi/vec4 0, 0, 1;
    %assign/vec4 v0000012d101de850_0, 0;
    %jmp T_5.1;
T_5.0 ;
    %load/vec4 v0000012d101dd590_0;
    %assign/vec4 v0000012d101dd9f0_0, 0;
    %load/vec4 v0000012d101df110_0;
    %load/vec4 v0000012d101de350_0;
    %xor;
    %assign/vec4 v0000012d101de850_0, 0;
T_5.1 ;
    %jmp T_5;
    .thread T_5;
    .scope S_0000012d10268c10;
T_6 ;
    %wait E_0000012d101fdad0;
    %load/vec4 v0000012d101e9890_0;
    %flag_set/vec4 8;
    %jmp/0xz  T_6.0, 8;
    %pushi/vec4 0, 0, 1;
    %assign/vec4 v0000012d101e9d90_0, 0;
    %pushi/vec4 0, 0, 1;
    %assign/vec4 v0000012d101e9610_0, 0;
    %jmp T_6.1;
T_6.0 ;
    %load/vec4 v0000012d101e8210_0;
    %assign/vec4 v0000012d101e9d90_0, 0;
    %load/vec4 v0000012d101dddb0_0;
    %load/vec4 v0000012d101dde50_0;
    %xor;
    %assign/vec4 v0000012d101e9610_0, 0;
T_6.1 ;
    %jmp T_6;
    .thread T_6;
    .scope S_0000012d10269c00;
T_7 ;
    %wait E_0000012d101fdad0;
    %load/vec4 v0000012d101e8490_0;
    %flag_set/vec4 8;
    %jmp/0xz  T_7.0, 8;
    %pushi/vec4 0, 0, 1;
    %assign/vec4 v0000012d101f9960_0, 0;
    %pushi/vec4 0, 0, 1;
    %assign/vec4 v0000012d101e8670_0, 0;
    %jmp T_7.1;
T_7.0 ;
    %load/vec4 v0000012d101e9390_0;
    %assign/vec4 v0000012d101f9960_0, 0;
    %load/vec4 v0000012d101e9250_0;
    %load/vec4 v0000012d101e83f0_0;
    %xor;
    %assign/vec4 v0000012d101e8670_0, 0;
T_7.1 ;
    %jmp T_7;
    .thread T_7;
    .scope S_0000012d10269d90;
T_8 ;
    %wait E_0000012d101fdad0;
    %load/vec4 v0000012d101fa400_0;
    %flag_set/vec4 8;
    %jmp/0xz  T_8.0, 8;
    %pushi/vec4 0, 0, 1;
    %assign/vec4 v0000012d101fa4a0_0, 0;
    %pushi/vec4 0, 0, 1;
    %assign/vec4 v0000012d101f9460_0, 0;
    %jmp T_8.1;
T_8.0 ;
    %load/vec4 v0000012d101faea0_0;
    %assign/vec4 v0000012d101fa4a0_0, 0;
    %load/vec4 v0000012d101fa040_0;
    %load/vec4 v0000012d101fac20_0;
    %xor;
    %assign/vec4 v0000012d101f9460_0, 0;
T_8.1 ;
    %jmp T_8;
    .thread T_8;
    .scope S_0000012d10269110;
T_9 ;
    %wait E_0000012d101fdad0;
    %load/vec4 v0000012d101bd980_0;
    %flag_set/vec4 8;
    %jmp/0xz  T_9.0, 8;
    %pushi/vec4 0, 0, 1;
    %assign/vec4 v0000012d1026be30_0, 0;
    %pushi/vec4 0, 0, 1;
    %assign/vec4 v0000012d101bda20_0, 0;
    %jmp T_9.1;
T_9.0 ;
    %load/vec4 v0000012d101bd840_0;
    %assign/vec4 v0000012d1026be30_0, 0;
    %load/vec4 v0000012d101bd700_0;
    %load/vec4 v0000012d101be560_0;
    %xor;
    %assign/vec4 v0000012d101bda20_0, 0;
T_9.1 ;
    %jmp T_9;
    .thread T_9;
    .scope S_0000012d102692a0;
T_10 ;
    %wait E_0000012d101fdad0;
    %load/vec4 v0000012d1026a490_0;
    %flag_set/vec4 8;
    %jmp/0xz  T_10.0, 8;
    %pushi/vec4 0, 0, 1;
    %assign/vec4 v0000012d1026b750_0, 0;
    %pushi/vec4 0, 0, 1;
    %assign/vec4 v0000012d1026b610_0, 0;
    %jmp T_10.1;
T_10.0 ;
    %load/vec4 v0000012d1026a2b0_0;
    %assign/vec4 v0000012d1026b750_0, 0;
    %load/vec4 v0000012d1026a170_0;
    %load/vec4 v0000012d1026afd0_0;
    %xor;
    %assign/vec4 v0000012d1026b610_0, 0;
T_10.1 ;
    %jmp T_10;
    .thread T_10;
    .scope S_0000012d10269750;
T_11 ;
    %wait E_0000012d101fdad0;
    %load/vec4 v0000012d1026b110_0;
    %flag_set/vec4 8;
    %jmp/0xz  T_11.0, 8;
    %pushi/vec4 0, 0, 1;
    %assign/vec4 v0000012d1026aa30_0, 0;
    %pushi/vec4 0, 0, 1;
    %assign/vec4 v0000012d1026a670_0, 0;
    %jmp T_11.1;
T_11.0 ;
    %load/vec4 v0000012d1026b430_0;
    %assign/vec4 v0000012d1026aa30_0, 0;
    %load/vec4 v0000012d1026a5d0_0;
    %load/vec4 v0000012d1026b7f0_0;
    %xor;
    %assign/vec4 v0000012d1026a670_0, 0;
T_11.1 ;
    %jmp T_11;
    .thread T_11;
    .scope S_0000012d1026d3f0;
T_12 ;
    %wait E_0000012d101fdad0;
    %load/vec4 v0000012d1026a710_0;
    %flag_set/vec4 8;
    %jmp/0xz  T_12.0, 8;
    %pushi/vec4 0, 0, 1;
    %assign/vec4 v0000012d1026a7b0_0, 0;
    %pushi/vec4 0, 0, 1;
    %assign/vec4 v0000012d1026ae90_0, 0;
    %jmp T_12.1;
T_12.0 ;
    %load/vec4 v0000012d1026a030_0;
    %assign/vec4 v0000012d1026a7b0_0, 0;
    %load/vec4 v0000012d1026b930_0;
    %load/vec4 v0000012d1026ba70_0;
    %xor;
    %assign/vec4 v0000012d1026ae90_0, 0;
T_12.1 ;
    %jmp T_12;
    .thread T_12;
    .scope S_0000012d1026d580;
T_13 ;
    %wait E_0000012d101fdad0;
    %load/vec4 v0000012d1026b4d0_0;
    %flag_set/vec4 8;
    %jmp/0xz  T_13.0, 8;
    %pushi/vec4 0, 0, 1;
    %assign/vec4 v0000012d1026b250_0, 0;
    %pushi/vec4 0, 0, 1;
    %assign/vec4 v0000012d1026bd90_0, 0;
    %jmp T_13.1;
T_13.0 ;
    %load/vec4 v0000012d1026ab70_0;
    %assign/vec4 v0000012d1026b250_0, 0;
    %load/vec4 v0000012d1026bcf0_0;
    %load/vec4 v0000012d1026acb0_0;
    %xor;
    %assign/vec4 v0000012d1026bd90_0, 0;
T_13.1 ;
    %jmp T_13;
    .thread T_13;
    .scope S_0000012d1026dbc0;
T_14 ;
    %wait E_0000012d101fdad0;
    %load/vec4 v0000012d1026f590_0;
    %flag_set/vec4 8;
    %jmp/0xz  T_14.0, 8;
    %pushi/vec4 0, 0, 1;
    %assign/vec4 v0000012d1026e4b0_0, 0;
    %pushi/vec4 0, 0, 1;
    %assign/vec4 v0000012d1026e190_0, 0;
    %jmp T_14.1;
T_14.0 ;
    %load/vec4 v0000012d1026eb90_0;
    %assign/vec4 v0000012d1026e4b0_0, 0;
    %load/vec4 v0000012d1026b390_0;
    %load/vec4 v0000012d1026f450_0;
    %xor;
    %assign/vec4 v0000012d1026e190_0, 0;
T_14.1 ;
    %jmp T_14;
    .thread T_14;
    .scope S_0000012d1026da30;
T_15 ;
    %wait E_0000012d101fdad0;
    %load/vec4 v0000012d1026f6d0_0;
    %flag_set/vec4 8;
    %jmp/0xz  T_15.0, 8;
    %pushi/vec4 0, 0, 1;
    %assign/vec4 v0000012d1026e690_0, 0;
    %pushi/vec4 0, 0, 1;
    %assign/vec4 v0000012d1026ee10_0, 0;
    %jmp T_15.1;
T_15.0 ;
    %load/vec4 v0000012d1026e9b0_0;
    %assign/vec4 v0000012d1026e690_0, 0;
    %load/vec4 v0000012d1026f630_0;
    %load/vec4 v0000012d1026fe50_0;
    %xor;
    %assign/vec4 v0000012d1026ee10_0, 0;
T_15.1 ;
    %jmp T_15;
    .thread T_15;
    .scope S_0000012d1026bfa0;
T_16 ;
    %wait E_0000012d101fdad0;
    %load/vec4 v0000012d1026e7d0_0;
    %flag_set/vec4 8;
    %jmp/0xz  T_16.0, 8;
    %pushi/vec4 0, 0, 1;
    %assign/vec4 v0000012d1026f4f0_0, 0;
    %pushi/vec4 0, 0, 1;
    %assign/vec4 v0000012d1026e910_0, 0;
    %jmp T_16.1;
T_16.0 ;
    %load/vec4 v0000012d1026dfb0_0;
    %assign/vec4 v0000012d1026f4f0_0, 0;
    %load/vec4 v0000012d1026e870_0;
    %load/vec4 v0000012d1026f270_0;
    %xor;
    %assign/vec4 v0000012d1026e910_0, 0;
T_16.1 ;
    %jmp T_16;
    .thread T_16;
    .scope S_0000012d1026d8a0;
T_17 ;
    %wait E_0000012d101fdad0;
    %load/vec4 v0000012d1026f950_0;
    %flag_set/vec4 8;
    %jmp/0xz  T_17.0, 8;
    %pushi/vec4 0, 0, 1;
    %assign/vec4 v0000012d1026fa90_0, 0;
    %pushi/vec4 0, 0, 1;
    %assign/vec4 v0000012d1026eeb0_0, 0;
    %jmp T_17.1;
T_17.0 ;
    %load/vec4 v0000012d1026f8b0_0;
    %assign/vec4 v0000012d1026fa90_0, 0;
    %load/vec4 v0000012d1026f090_0;
    %load/vec4 v0000012d1026f810_0;
    %xor;
    %assign/vec4 v0000012d1026eeb0_0, 0;
T_17.1 ;
    %jmp T_17;
    .thread T_17;
    .scope S_0000012d1026d0d0;
T_18 ;
    %wait E_0000012d101fdad0;
    %load/vec4 v0000012d1026e230_0;
    %flag_set/vec4 8;
    %jmp/0xz  T_18.0, 8;
    %pushi/vec4 0, 0, 1;
    %assign/vec4 v0000012d1026e370_0, 0;
    %pushi/vec4 0, 0, 1;
    %assign/vec4 v0000012d1026e2d0_0, 0;
    %jmp T_18.1;
T_18.0 ;
    %load/vec4 v0000012d1026e050_0;
    %assign/vec4 v0000012d1026e370_0, 0;
    %load/vec4 v0000012d1026fbd0_0;
    %load/vec4 v0000012d1026fc70_0;
    %xor;
    %assign/vec4 v0000012d1026e2d0_0, 0;
T_18.1 ;
    %jmp T_18;
    .thread T_18;
    .scope S_0000012d1026cc20;
T_19 ;
    %wait E_0000012d101fdad0;
    %load/vec4 v0000012d10270710_0;
    %flag_set/vec4 8;
    %jmp/0xz  T_19.0, 8;
    %pushi/vec4 0, 0, 1;
    %assign/vec4 v0000012d10271d90_0, 0;
    %pushi/vec4 0, 0, 1;
    %assign/vec4 v0000012d10271cf0_0, 0;
    %jmp T_19.1;
T_19.0 ;
    %load/vec4 v0000012d10271610_0;
    %assign/vec4 v0000012d10271d90_0, 0;
    %load/vec4 v0000012d10271430_0;
    %load/vec4 v0000012d10271110_0;
    %xor;
    %assign/vec4 v0000012d10271cf0_0, 0;
T_19.1 ;
    %jmp T_19;
    .thread T_19;
    .scope S_0000012d1026cf40;
T_20 ;
    %wait E_0000012d101fdad0;
    %load/vec4 v0000012d102716b0_0;
    %flag_set/vec4 8;
    %jmp/0xz  T_20.0, 8;
    %pushi/vec4 0, 0, 1;
    %assign/vec4 v0000012d102726f0_0, 0;
    %pushi/vec4 0, 0, 1;
    %assign/vec4 v0000012d102707b0_0, 0;
    %jmp T_20.1;
T_20.0 ;
    %load/vec4 v0000012d10271930_0;
    %assign/vec4 v0000012d102726f0_0, 0;
    %load/vec4 v0000012d102705d0_0;
    %load/vec4 v0000012d102723d0_0;
    %xor;
    %assign/vec4 v0000012d102707b0_0, 0;
T_20.1 ;
    %jmp T_20;
    .thread T_20;
    .scope S_0000012d1026c2c0;
T_21 ;
    %wait E_0000012d101fdad0;
    %load/vec4 v0000012d10272830_0;
    %flag_set/vec4 8;
    %jmp/0xz  T_21.0, 8;
    %pushi/vec4 0, 0, 1;
    %assign/vec4 v0000012d10271250_0, 0;
    %pushi/vec4 0, 0, 1;
    %assign/vec4 v0000012d102725b0_0, 0;
    %jmp T_21.1;
T_21.0 ;
    %load/vec4 v0000012d10270fd0_0;
    %assign/vec4 v0000012d10271250_0, 0;
    %load/vec4 v0000012d10272790_0;
    %load/vec4 v0000012d10271ed0_0;
    %xor;
    %assign/vec4 v0000012d102725b0_0, 0;
T_21.1 ;
    %jmp T_21;
    .thread T_21;
    .scope S_0000012d10276e90;
T_22 ;
    %wait E_0000012d101fdad0;
    %load/vec4 v0000012d10271b10_0;
    %flag_set/vec4 8;
    %jmp/0xz  T_22.0, 8;
    %pushi/vec4 0, 0, 1;
    %assign/vec4 v0000012d102712f0_0, 0;
    %pushi/vec4 0, 0, 1;
    %assign/vec4 v0000012d10270cb0_0, 0;
    %jmp T_22.1;
T_22.0 ;
    %load/vec4 v0000012d102714d0_0;
    %assign/vec4 v0000012d102712f0_0, 0;
    %load/vec4 v0000012d10272650_0;
    %load/vec4 v0000012d102711b0_0;
    %xor;
    %assign/vec4 v0000012d10270cb0_0, 0;
T_22.1 ;
    %jmp T_22;
    .thread T_22;
    .scope S_0000012d10276d00;
T_23 ;
    %wait E_0000012d101fdad0;
    %load/vec4 v0000012d10271390_0;
    %flag_set/vec4 8;
    %jmp/0xz  T_23.0, 8;
    %pushi/vec4 0, 0, 1;
    %assign/vec4 v0000012d10271750_0, 0;
    %pushi/vec4 0, 0, 1;
    %assign/vec4 v0000012d10270a30_0, 0;
    %jmp T_23.1;
T_23.0 ;
    %load/vec4 v0000012d10270530_0;
    %assign/vec4 v0000012d10271750_0, 0;
    %load/vec4 v0000012d10270850_0;
    %load/vec4 v0000012d10272290_0;
    %xor;
    %assign/vec4 v0000012d10270a30_0, 0;
T_23.1 ;
    %jmp T_23;
    .thread T_23;
    .scope S_0000012d10276530;
T_24 ;
    %wait E_0000012d101fdad0;
    %load/vec4 v0000012d10271c50_0;
    %flag_set/vec4 8;
    %jmp/0xz  T_24.0, 8;
    %pushi/vec4 0, 0, 1;
    %assign/vec4 v0000012d10273370_0, 0;
    %pushi/vec4 0, 0, 1;
    %assign/vec4 v0000012d10273a50_0, 0;
    %jmp T_24.1;
T_24.0 ;
    %load/vec4 v0000012d10271070_0;
    %assign/vec4 v0000012d10273370_0, 0;
    %load/vec4 v0000012d10271890_0;
    %load/vec4 v0000012d10270df0_0;
    %xor;
    %assign/vec4 v0000012d10273a50_0, 0;
T_24.1 ;
    %jmp T_24;
    .thread T_24;
    .scope S_0000012d10275590;
T_25 ;
    %wait E_0000012d101fdad0;
    %load/vec4 v0000012d10273c30_0;
    %flag_set/vec4 8;
    %jmp/0xz  T_25.0, 8;
    %pushi/vec4 0, 0, 1;
    %assign/vec4 v0000012d10272bf0_0, 0;
    %pushi/vec4 0, 0, 1;
    %assign/vec4 v0000012d10273cd0_0, 0;
    %jmp T_25.1;
T_25.0 ;
    %load/vec4 v0000012d10273050_0;
    %assign/vec4 v0000012d10272bf0_0, 0;
    %load/vec4 v0000012d10273ff0_0;
    %load/vec4 v0000012d102734b0_0;
    %xor;
    %assign/vec4 v0000012d10273cd0_0, 0;
T_25.1 ;
    %jmp T_25;
    .thread T_25;
    .scope S_0000012d10275d60;
T_26 ;
    %wait E_0000012d101fdad0;
    %load/vec4 v0000012d10273910_0;
    %flag_set/vec4 8;
    %jmp/0xz  T_26.0, 8;
    %pushi/vec4 0, 0, 1;
    %assign/vec4 v0000012d10273f50_0, 0;
    %pushi/vec4 0, 0, 1;
    %assign/vec4 v0000012d102737d0_0, 0;
    %jmp T_26.1;
T_26.0 ;
    %load/vec4 v0000012d10273eb0_0;
    %assign/vec4 v0000012d10273f50_0, 0;
    %load/vec4 v0000012d10273e10_0;
    %load/vec4 v0000012d10272d30_0;
    %xor;
    %assign/vec4 v0000012d102737d0_0, 0;
T_26.1 ;
    %jmp T_26;
    .thread T_26;
    .scope S_0000012d102771b0;
T_27 ;
    %wait E_0000012d101fdad0;
    %load/vec4 v0000012d10272fb0_0;
    %flag_set/vec4 8;
    %jmp/0xz  T_27.0, 8;
    %pushi/vec4 0, 0, 1;
    %assign/vec4 v0000012d102732d0_0, 0;
    %pushi/vec4 0, 0, 1;
    %assign/vec4 v0000012d10273190_0, 0;
    %jmp T_27.1;
T_27.0 ;
    %load/vec4 v0000012d10272e70_0;
    %assign/vec4 v0000012d102732d0_0, 0;
    %load/vec4 v0000012d10272dd0_0;
    %load/vec4 v0000012d10273870_0;
    %xor;
    %assign/vec4 v0000012d10273190_0, 0;
T_27.1 ;
    %jmp T_27;
    .thread T_27;
    .scope S_0000012d10275400;
T_28 ;
    %wait E_0000012d101fdad0;
    %load/vec4 v0000012d1027a0b0_0;
    %flag_set/vec4 8;
    %jmp/0xz  T_28.0, 8;
    %pushi/vec4 0, 0, 1;
    %assign/vec4 v0000012d10279430_0, 0;
    %pushi/vec4 0, 0, 1;
    %assign/vec4 v0000012d1027ab50_0, 0;
    %jmp T_28.1;
T_28.0 ;
    %load/vec4 v0000012d1027a150_0;
    %assign/vec4 v0000012d10279430_0, 0;
    %load/vec4 v0000012d10279bb0_0;
    %load/vec4 v0000012d1027aa10_0;
    %xor;
    %assign/vec4 v0000012d1027ab50_0, 0;
T_28.1 ;
    %jmp T_28;
    .thread T_28;
    .scope S_0000012d10275a40;
T_29 ;
    %wait E_0000012d101fdad0;
    %load/vec4 v0000012d102794d0_0;
    %flag_set/vec4 8;
    %jmp/0xz  T_29.0, 8;
    %pushi/vec4 0, 0, 1;
    %assign/vec4 v0000012d1027aab0_0, 0;
    %pushi/vec4 0, 0, 1;
    %assign/vec4 v0000012d1027ba50_0, 0;
    %jmp T_29.1;
T_29.0 ;
    %load/vec4 v0000012d1027a330_0;
    %assign/vec4 v0000012d1027aab0_0, 0;
    %load/vec4 v0000012d1027ad30_0;
    %load/vec4 v0000012d1027bb90_0;
    %xor;
    %assign/vec4 v0000012d1027ba50_0, 0;
T_29.1 ;
    %jmp T_29;
    .thread T_29;
    .scope S_0000012d100f6630;
T_30 ;
    %wait E_0000012d101fdad0;
    %load/vec4 v0000012d10209970_0;
    %flag_set/vec4 8;
    %jmp/0xz  T_30.0, 8;
    %pushi/vec4 0, 0, 1;
    %assign/vec4 v0000012d1020a230_0, 0;
    %pushi/vec4 0, 0, 1;
    %assign/vec4 v0000012d1020a910_0, 0;
    %jmp T_30.1;
T_30.0 ;
    %load/vec4 v0000012d102095b0_0;
    %assign/vec4 v0000012d1020a230_0, 0;
    %load/vec4 v0000012d10209fb0_0;
    %load/vec4 v0000012d10209830_0;
    %xor;
    %assign/vec4 v0000012d1020a910_0, 0;
T_30.1 ;
    %jmp T_30;
    .thread T_30;
    .scope S_0000012d10275bd0;
T_31 ;
    %wait E_0000012d101fdad0;
    %load/vec4 v0000012d1027add0_0;
    %flag_set/vec4 8;
    %jmp/0xz  T_31.0, 8;
    %pushi/vec4 0, 0, 1;
    %assign/vec4 v0000012d10279f70_0, 0;
    %pushi/vec4 0, 0, 1;
    %assign/vec4 v0000012d1027abf0_0, 0;
    %jmp T_31.1;
T_31.0 ;
    %load/vec4 v0000012d10279890_0;
    %load/vec4 v0000012d1027abf0_0;
    %or;
    %assign/vec4 v0000012d1027abf0_0, 0;
    %load/vec4 v0000012d10279890_0;
    %load/vec4 v0000012d1027abf0_0;
    %xor;
    %assign/vec4 v0000012d10279f70_0, 0;
T_31.1 ;
    %jmp T_31;
    .thread T_31;
# The file index is used to find the file name in the following table.
:file_names 3;
    "N/A";
    "<interactive>";
    "spm.v";
